96	1.2
0.564282	1.696931	-0.773664
1ACB_r.pdb	7.160	0.001	17.836
1ACB_l.pdb	14.185	25.255	12.409
1.570796	0.977824	0.441928	0	78	7	0	57.17
1.675516	0.757389	1.501184	80	95	82	0	57.07
1.466077	0.952433	0.584347	95	78	6	0	56.71
1.780236	0.757389	1.501184	80	94	82	0	56.64
1.675516	0.882554	1.443757	79	94	83	0	56.35
1.780236	0.882554	1.443757	79	94	83	0	54.26
1.570796	0.851126	0.493370	95	78	6	0	53.97
2.094395	0.524769	-0.421955	95	77	6	0	53.79
1.570796	0.859754	1.603292	79	95	83	0	53.78
1.466077	0.560531	2.378474	81	94	81	0	53.55
1.884956	0.550762	-0.180771	94	77	5	0	53.23
1.466077	0.652440	2.197129	81	94	81	0	53.10
-0.942478	0.889834	2.529957	94	80	6	0	52.70
0.523599	1.817772	-1.689625	93	82	10	0	52.69
-1.047198	0.759800	2.546181	95	79	5	0	52.69
1.780236	0.740650	1.681075	79	94	83	0	52.39
1.780236	0.859754	1.603292	79	94	83	0	52.37
-2.617994	1.739676	2.496017	88	77	5	1	52.15
1.989675	0.550762	-0.180771	95	77	5	0	52.07
1.570796	1.074204	0.545276	0	78	6	0	52.00
1.466077	0.730751	0.522488	94	78	6	0	51.96
-1.466077	0.993052	2.137478	2	77	1	0	51.90
1.884956	0.424766	-0.258729	94	77	5	0	51.85
0.523599	1.823834	-1.560483	93	82	11	0	51.83
1.570796	0.740650	1.681075	80	95	83	0	51.78
-2.827433	1.794553	2.374618	86	78	4	1	51.65
0.628319	1.817772	-1.689625	93	82	11	0	51.63
1.884956	0.913918	1.287618	79	93	82	0	51.53
1.466077	0.977824	0.441928	95	78	7	0	51.34
-1.570796	0.993052	2.137478	2	77	1	0	51.33
1.884956	0.664008	1.360091	80	94	81	0	51.31
1.361357	0.605711	0.598454	93	78	6	0	51.31
1.361357	0.730751	0.522488	93	78	6	0	51.24
2.722714	1.922256	2.347806	1	79	4	0	51.14
1.675516	0.977824	0.441928	1	78	7	0	51.12
-0.837758	0.889834	2.529957	95	80	6	0	50.99
1.466077	0.339714	-0.013712	92	78	3	0	50.96
1.466077	0.851126	0.493370	94	78	7	0	50.72
-2.513274	1.690107	2.620910	89	77	5	1	50.67
2.932153	2.343434	-2.013692	92	81	7	0	50.66
-1.256637	0.721019	2.721536	94	79	6	0	50.61
1.675516	0.859754	1.603292	79	95	83	0	50.54
-2.932153	2.145635	-1.327708	92	80	3	0	50.52
-2.932153	2.336046	-1.115799	92	80	4	0	50.32
0.209440	0.644807	-0.327139	2	80	6	0	50.30
1.151917	0.715701	0.699906	92	78	6	0	50.24
2.827433	1.922256	2.347806	2	79	4	0	50.20
-2.827433	1.567193	2.643172	88	77	4	1	50.18
-2.722714	1.616061	2.521531	87	77	4	1	50.14
-2.827433	1.739676	2.496017	86	78	4	1	49.95
-3.141593	2.343434	-2.013692	17	12	94	0	49.84
-2.513274	1.567193	2.643172	89	76	4	1	49.75
1.675516	0.740650	1.681075	79	95	83	0	49.74
-2.408554	1.690107	2.620910	90	76	5	1	49.68
-1.989675	1.310722	0.558267	83	9	85	0	49.68
1.780236	0.680326	-0.133370	93	77	5	0	49.58
1.675516	0.602620	0.029270	94	77	5	0	49.55
-1.151917	0.721019	2.721536	95	79	6	0	49.55
1.570796	0.952433	0.584347	0	78	6	0	49.53
-0.837758	0.817846	2.390688	94	80	6	0	49.49
-2.722714	1.567193	2.643172	88	77	4	1	49.45
1.884956	0.757389	1.501184	79	94	82	0	49.44
2.617994	1.895117	2.121107	2	79	5	0	49.34
-2.827433	2.338083	-0.943400	92	80	4	0	49.33
0.523599	1.915467	-1.883143	93	82	11	0	49.28
-0.837758	1.085085	2.377673	11	16	95	0	49.22
-3.036873	2.145635	-1.327708	92	80	3	0	49.21
-2.932153	2.442222	-1.195837	92	80	5	0	49.21
1.047198	0.605711	0.598454	90	79	6	0	49.14
-1.466077	0.970108	1.990771	2	77	1	0	49.09
2.513274	1.770460	2.154208	1	79	4	0	49.02
0.418879	2.033572	-1.842884	93	82	10	0	49.01
1.570796	0.470622	0.014002	94	77	4	0	49.00
-0.942478	0.759800	2.546181	95	79	5	0	48.96
-0.837758	1.178898	1.827305	5	82	11	0	48.89
1.570796	0.534610	2.154808	81	94	80	0	48.88
1.466077	0.859754	1.603292	79	0	83	0	48.86
-1.151917	1.286936	1.886053	2	81	10	0	48.80
1.675516	0.735125	0.037270	93	77	5	0	48.77
-2.827433	1.441473	1.448544	91	81	10	0	48.75
1.884956	0.680326	-0.133370	94	77	5	0	48.70
-2.722714	1.739676	2.496017	87	78	4	1	48.65
-1.151917	1.401926	1.822930	1	81	10	0	48.65
-2.722714	1.456736	1.323154	91	81	10	0	48.62
1.570796	0.652440	2.197129	81	94	81	0	48.58
-2.932153	2.353029	-1.310529	92	81	5	0	48.55
1.256637	0.715701	0.699906	93	78	6	0	48.50
-2.513274	1.644848	2.743774	89	76	5	1	48.45
3.036873	2.343434	-2.013692	92	81	7	0	48.43
-1.570796	0.869748	2.095969	2	77	1	0	48.38
-2.827433	2.336046	-1.115799	93	80	4	0	48.32
0.837758	1.266731	-1.412461	89	81	8	0	48.30
-1.361357	0.704080	2.911636	94	79	7	0	48.28
2.408554	1.975135	-2.539127	2	79	6	0	48.21
-2.199115	1.555041	0.947813	79	10	93	0	48.21
-2.617994	1.690107	2.620910	88	77	5	1	48.18
1.989675	0.644807	-0.327139	94	77	6	0	48.14
1.675516	2.283304	-2.345584	91	86	20	0	48.12
-0.209440	0.715701	0.699906	95	81	9	0	48.11
2.617994	1.847325	2.249051	1	79	4	0	48.02
1.361357	0.715701	0.699906	94	78	6	0	47.92
1.780236	0.803813	0.191520	95	77	5	0	47.91
2.932153	2.033572	-1.842884	13	84	15	0	47.81
1.466077	0.869748	2.095969	77	2	86	0	47.77
1.570796	0.882554	1.443757	79	95	83	0	47.76
1.466077	0.772218	2.227380	80	94	82	0	47.75
-2.932153	2.355165	-1.833173	16	12	93	0	47.73
1.780236	0.550762	-0.180771	94	77	5	0	47.72
-1.256637	0.858261	-1.191729	11	91	78	0	47.72
-1.570796	0.750102	2.050636	2	77	1	0	47.71
2.094395	0.409009	-0.570243	94	77	6	0	47.67
1.361357	0.652440	2.197129	81	95	81	0	47.66
1.466077	0.829531	0.665695	95	78	6	0	47.65
-1.151917	0.844883	2.679708	94	79	6	0	47.59
-2.617994	1.616061	2.521531	88	77	4	1	47.58
1.361357	0.851126	0.493370	93	78	7	0	47.56
-1.361357	0.852911	1.933394	3	77	1	0	47.56
1.675516	0.534610	2.154808	81	93	80	0	47.54
-1.466077	0.750102	2.050636	3	77	2	0	47.50
1.675516	0.652440	2.197129	81	93	81	0	47.49
-3.141593	2.131223	-1.174311	92	79	2	0	47.43
-1.256637	1.745952	0.084733	85	1	78	0	47.43
1.780236	0.788382	1.331051	80	94	82	0	47.35
-0.837758	1.201164	2.355931	12	16	0	0	47.34
2.827433	2.261466	-1.557500	4	79	8	0	47.31
0.733038	1.376560	-1.355481	89	81	7	0	47.31
-3.141593	2.031959	-1.268178	92	79	2	0	47.30
-0.418879	1.893828	3.053453	0	82	12	0	47.30
-2.722714	1.665496	2.397872	87	77	4	1	47.29
1.884956	0.788382	1.331051	80	94	82	0	47.28
1.884956	0.302491	-0.400410	92	78	4	0	47.28
-3.141593	2.244035	-1.229456	92	80	3	0	47.26
0.837758	1.376560	-1.355481	89	81	7	0	47.24
-1.466077	0.869748	2.095969	3	77	1	0	47.21
-2.094395	1.409552	0.647980	84	10	85	0	47.17
1.675516	1.074204	0.545276	1	78	6	0	47.16
-1.047198	1.286936	1.886053	3	81	10	0	47.11
2.513274	1.847325	2.249051	1	79	4	0	47.09
1.989675	2.114380	0.531457	86	85	16	0	47.04
0.209440	0.632708	2.566722	2	18	83	0	47.04
1.780236	0.632797	1.989858	81	93	81	0	47.03
1.570796	0.757389	1.501184	80	0	82	0	47.03
0.628319	1.823834	-1.560483	93	82	11	0	47.02
-2.094395	1.310722	0.558267	83	9	85	0	47.00
1.466077	0.689777	2.385011	81	95	81	0	46.95
-0.942478	0.817846	2.390688	94	79	5	0	46.95
1.675516	0.632797	1.989858	81	93	81	0	46.94
1.361357	0.772218	2.227380	81	95	82	0	46.94
0.523599	1.927474	-1.754616	93	82	10	0	46.93
-0.104720	1.786634	-0.346247	15	13	91	0	46.91
0.523599	1.933328	-1.623328	93	82	11	0	46.87
1.884956	0.882554	1.443757	78	93	83	0	46.84
-3.036873	2.355165	-1.833173	17	12	94	0	46.79
2.513274	1.974950	2.220596	0	79	5	0	46.77
-2.617994	1.567193	2.643172	88	76	4	1	46.77
3.036873	1.840579	-2.536445	10	83	13	0	46.72
1.570796	0.965426	1.686615	78	0	84	0	46.72
1.989675	0.757389	1.501184	79	93	82	0	46.70
1.675516	0.636205	1.561170	80	95	82	0	46.69
1.151917	0.497870	0.727828	92	78	6	0	46.63
-2.199115	1.915790	-1.216366	93	80	6	0	46.63
1.884956	1.377070	-1.980984	80	80	88	0	46.59
-1.047198	0.844883	2.679708	95	80	6	0	46.58
2.513274	1.895117	2.121107	1	79	5	0	46.57
0.418879	2.019676	-1.980944	93	82	11	0	46.53
-2.932153	1.441473	1.448544	91	82	10	0	46.52
-2.722714	1.441473	1.448544	92	81	11	0	46.51
1.884956	0.866940	0.851229	2	78	8	0	46.50
0.942478	0.497870	0.727828	90	79	6	0	46.50
1.361357	0.952433	0.584347	95	78	6	0	46.44
-2.827433	2.131223	-1.174311	93	80	3	0	46.44
0.104720	0.644807	-0.327139	3	79	5	0	46.43
-2.199115	1.928342	-1.351174	93	79	6	0	46.42
1.780236	0.424766	-0.258729	93	77	5	0	46.41
1.989675	0.788382	1.331051	79	93	82	0	46.35
-2.199115	2.031959	-1.268178	93	79	6	0	46.35
0.314159	0.634455	-0.534790	3	79	5	0	46.34
2.617994	1.770460	2.154208	1	79	4	0	46.33
1.570796	0.626379	1.773610	80	95	82	0	46.33
1.466077	0.750102	2.050636	81	95	81	0	46.32
-0.209440	0.605711	0.598454	95	81	9	0	46.31
1.361357	0.829531	0.665695	94	78	6	0	46.30
1.361357	0.689777	2.385011	81	95	81	0	46.30
1.989675	0.524769	-0.421955	94	77	6	0	46.29
-0.628319	1.645258	2.188109	95	82	12	0	46.26
1.675516	0.750102	2.050636	80	93	82	0	46.25
1.361357	0.869748	2.095969	78	3	86	0	46.24
1.570796	0.602620	0.029270	94	77	5	0	46.22
1.466077	1.074204	0.545276	95	78	6	0	46.22
2.722714	1.847325	2.249051	2	79	4	0	46.20
1.047198	0.497870	0.727828	91	78	6	0	46.20
0.314159	0.560531	2.378474	2	17	82	0	46.20
2.617994	1.974950	2.220596	1	79	5	0	46.17
-2.827433	1.769149	1.550298	6	82	11	0	46.15
1.780236	0.540208	1.400497	81	95	81	0	46.13
1.884956	2.103118	2.194745	13	15	1	0	46.10
2.932153	2.256702	-1.401367	4	79	8	0	46.08
-1.361357	0.869748	2.095969	3	77	1	0	46.07
0.837758	0.497870	0.727828	89	79	6	0	46.05
-1.675516	0.993052	2.137478	1	77	2	0	46.05
0.628319	1.181331	-2.060330	80	5	85	0	46.03
-1.884956	2.294058	-0.421070	93	78	4	0	46.01
0.733038	1.106275	-2.420800	81	5	84	0	45.99
0.314159	2.453499	-1.008861	94	80	11	0	45.99
-3.036873	2.460199	-0.822008	93	78	4	0	45.99
-0.523599	2.033572	-1.842884	91	83	15	0	45.97
2.303835	2.324376	-3.111006	15	12	91	0	45.96
1.780236	0.636205	1.561170	80	94	82	0	45.94
-2.617994	1.644848	2.743774	88	77	5	1	45.94
-2.094395	2.243347	-2.521049	91	79	9	0	45.94
0.523599	1.181331	-2.060330	80	6	85	0	45.92
1.466077	0.210568	-0.069559	91	78	4	0	45.90
-2.303835	2.145635	-1.327708	92	80	7	0	45.90
-1.884956	2.461774	-1.734913	94	79	7	0	45.87
1.780236	0.884060	0.334199	1	78	8	0	45.85
1.780236	0.866940	0.851229	1	78	8	0	45.81
3.036873	1.945677	-2.999805	87	81	10	0	45.80
1.466077	0.852911	1.933394	78	2	85	0	45.79
1.780236	0.749432	-0.442559	90	77	5	0	45.78
1.256637	0.605711	0.598454	92	78	6	0	45.78
-0.942478	0.308059	2.021491	8	88	74	0	45.78
0.314159	2.134269	-1.948042	93	82	11	0	45.74
-2.617994	2.343265	-0.779061	92	80	4	0	45.74
-2.303835	2.108891	-2.532166	90	79	8	0	45.74
1.780236	0.735125	0.037270	94	77	5	0	45.73
1.675516	0.470622	0.014002	94	77	4	0	45.73
-3.036873	2.244035	-1.229456	92	80	4	0	45.72
2.932153	2.026196	-2.889057	90	80	8	0	45.69
1.047198	0.715701	0.699906	92	78	6	0	45.69
-2.722714	2.646182	-1.614036	93	80	7	0	45.69
1.780236	0.602620	0.029270	95	77	5	0	45.67
2.199115	1.076262	0.966104	10	16	93	0	45.62
-2.199115	2.034712	-2.419505	92	79	8	0	45.62
-2.513274	1.616061	2.521531	89	76	4	1	45.61
-2.094395	1.205845	-0.415993	93	80	9	0	45.60
-2.827433	1.847325	2.249051	80	7	87	0	45.56
-2.408554	1.644848	2.743774	90	76	5	1	45.56
0.418879	1.927474	-1.754616	93	82	10	0	45.55
-2.199115	2.131223	-1.174311	93	80	7	0	45.55
-1.466077	0.852911	1.933394	2	77	1	0	45.55
1.570796	0.730751	0.522488	95	78	7	0	45.54
-2.199115	1.883504	1.360457	83	1	79	0	45.54
1.780236	2.034712	-2.419505	90	86	19	0	45.53
1.361357	0.817846	2.390688	80	95	82	0	45.53
0.523599	2.569130	-0.700837	93	79	10	0	45.53
1.780236	0.929031	0.185383	95	77	5	0	45.51
1.989675	0.680326	-0.133370	95	77	5	0	45.48
1.466077	1.794553	2.374618	2	78	8	0	45.48
1.047198	1.584581	-2.738702	75	4	10	0	45.48
-1.466077	0.704080	2.911636	93	79	7	0	45.48
1.884956	2.195400	-2.217546	91	85	19	0	45.47
1.466077	0.849888	1.767901	79	0	83	0	45.47
-2.199115	2.173644	-2.403429	91	79	8	0	45.46
1.780236	0.664008	1.360091	80	95	81	0	45.43
1.780236	2.244355	0.309899	86	86	18	0	45.42
0.104720	0.632708	2.566722	3	17	83	0	45.41
1.361357	0.210568	-0.069559	91	78	4	0	45.40
0.942478	0.616968	0.820489	91	78	5	0	45.40
1.675516	2.173644	-2.403429	90	86	20	0	45.38
2.722714	1.974950	2.220596	1	79	4	0	45.37
-2.827433	2.355165	-1.833173	16	13	93	0	45.36
-0.942478	1.158594	2.487618	11	16	0	0	45.28
3.036873	1.500204	0.737638	95	81	9	0	45.27
-0.733038	1.085085	2.377673	10	17	95	0	45.23
-2.617994	1.773527	-1.039582	18	12	91	0	45.22
-2.408554	1.603064	2.865774	90	76	6	1	45.22
-2.303835	2.175711	-2.655523	90	79	8	0	45.21
2.827433	1.866694	2.473686	2	79	4	0	45.18
3.036873	2.156474	-2.912065	92	80	9	0	45.15
2.094395	2.085731	0.671081	86	84	15	0	45.15
1.780236	0.943701	0.980328	2	78	8	0	45.15
-1.989675	0.053884	-2.408394	6	78	8	0	45.15
-1.675516	0.869748	2.095969	1	77	2	0	45.15
-3.036873	2.336046	-1.115799	91	80	4	0	45.14
0.837758	0.279854	0.814581	89	79	6	0	45.11
0.418879	2.460199	-0.822008	93	80	11	0	45.11
-1.151917	1.724852	0.202831	85	0	77	0	45.11
-3.036873	2.131223	-1.174311	92	79	2	0	45.10
-3.036873	2.033572	-1.842884	15	86	15	0	45.09
-2.199115	0.897463	-0.240822	93	80	10	0	45.07
-1.570796	1.087142	2.058815	2	77	1	0	45.05
3.036873	2.646182	-1.614036	94	79	6	0	45.04
-2.617994	1.812466	2.597595	87	77	5	1	45.03
0.418879	0.560531	2.378474	1	17	82	0	45.02
-1.570796	1.957868	-0.490784	82	7	85	0	45.02
1.466077	0.626379	1.773610	80	0	82	0	45.00
1.256637	0.689777	2.385011	81	95	82	0	45.00
-1.780236	2.364509	-1.644533	94	79	8	0	45.00
1.466077	0.534610	2.154808	82	94	80	0	44.99
0.628319	0.329984	1.201621	91	77	4	0	44.99
-0.418879	1.846833	2.826543	95	82	12	0	44.98
1.989675	0.664008	1.360091	80	93	81	0	44.97
1.256637	0.952433	0.584347	94	78	6	0	44.97
-1.675516	1.957868	-0.490784	82	8	86	0	44.97
1.780236	0.302491	-0.400410	91	78	4	0	44.96
-1.047198	2.996437	-2.089121	92	78	9	0	44.95
2.199115	0.409009	-0.570243	94	77	5	0	44.94
0.314159	2.343434	-2.013692	94	80	10	0	44.93
-2.513274	2.237695	-0.271388	93	79	3	0	44.91
-3.141593	2.517528	1.923289	88	78	8	0	44.90
-2.932153	2.244035	-1.229456	93	80	5	0	44.90
-1.361357	0.954456	-1.287293	11	91	78	0	44.89
2.303835	0.321905	-0.829121	93	77	5	0	44.88
2.722714	1.993909	1.312897	86	88	17	0	44.85
1.780236	2.100482	-2.301084	90	85	19	0	44.84
-2.303835	0.812512	-0.107335	93	80	10	0	44.84
-2.199115	1.139125	-1.924528	2	78	10	0	44.83
2.199115	0.201397	-0.716646	93	77	5	0	44.82
0.418879	2.569130	-0.700837	92	79	10	0	44.82
1.780236	0.519001	1.900488	81	93	80	0	44.81
1.884956	2.181338	2.313721	13	15	1	0	44.80
-1.256637	2.870445	-2.291001	92	78	9	0	44.79
2.094395	0.644807	-0.327139	95	77	6	0	44.78
-0.418879	1.074029	1.909193	93	81	9	0	44.78
2.617994	1.922256	2.347806	1	79	5	0	44.76
-2.722714	1.690107	2.620910	87	78	5	1	44.76
0.733038	1.808822	-1.817375	94	81	11	0	44.75
-2.722714	1.644848	2.743774	87	77	5	1	44.75
-1.675516	2.487957	-0.274279	94	78	5	0	44.73
-1.675516	2.363394	-0.272918	94	78	5	0	44.73
2.827433	2.156474	-2.912065	89	81	9	0	44.72
0.314159	1.964971	-2.100533	93	83	12	0	44.72
2.513274	1.813159	2.025395	1	79	5	0	44.70
2.408554	2.034712	-2.419505	2	79	6	0	44.70
0.628319	1.042085	-2.292950	81	6	84	0	44.70
1.570796	0.673985	0.203855	93	77	4	0	44.69
-2.722714	1.523102	2.765920	89	77	5	1	44.68
1.570796	0.424766	-0.258729	90	78	4	0	44.66
1.466077	0.737893	1.866463	80	0	83	0	44.63
1.361357	0.560531	2.378474	81	94	81	0	44.63
2.094395	0.664008	1.360091	79	93	81	0	44.62
1.675516	0.803813	0.191520	95	77	5	0	44.61
2.827433	1.206950	-0.037248	8	17	1	0	44.60
3.036873	1.971438	-2.765415	91	80	8	0	44.58
1.675516	0.851126	0.493370	1	77	7	0	44.58
1.151917	1.971438	-2.765415	13	17	92	0	44.58
-2.513274	1.739676	2.496017	89	76	4	1	44.58
1.151917	0.605711	0.598454	91	79	6	0	44.57
2.408554	1.893828	3.053453	3	80	10	0	44.56
1.780236	2.173644	-2.403429	91	86	20	0	44.54
2.094395	1.057515	1.097998	10	16	94	0	44.52
-1.675516	1.373422	-1.484281	81	13	10	0	44.52
-2.827433	1.456736	1.323154	90	81	11	0	44.51
-1.361357	2.122474	-0.648314	83	5	83	0	44.50
-0.733038	1.072154	1.761506	6	82	12	0	44.50
-1.466077	1.568892	2.098362	1	78	5	0	44.49
-1.047198	1.841033	-2.756932	6	78	8	0	44.48
1.675516	0.981877	1.537100	78	95	84	0	44.44
0.942478	0.279854	0.814581	90	79	6	0	44.44
-1.256637	1.854119	0.134161	86	1	77	0	44.44
1.989675	0.749432	-0.442559	92	77	5	0	44.42
1.675516	2.243347	-2.521049	91	86	20	0	44.41
0.628319	1.551135	-0.642994	0	82	14	0	44.41
3.036873	2.103695	-2.777707	91	80	9	0	44.39
-3.141593	2.040501	-1.411488	91	79	2	0	44.39
-1.466077	2.157194	-0.792563	83	5	83	0	44.39
2.722714	1.866694	2.473686	2	79	5	0	44.38
-0.209440	1.983195	-3.127984	2	82	11	0	44.38
-2.199115	2.243347	-2.521049	90	79	9	0	44.37
-0.418879	1.325286	-0.994192	0	78	6	0	44.35
1.884956	0.884060	0.334199	1	77	6	0	44.34
1.884956	0.770166	-0.266604	92	77	6	0	44.34
1.361357	0.977824	0.441928	94	78	7	0	44.33
2.408554	1.770460	2.154208	1	79	4	0	44.31
0.733038	0.981485	-2.424766	81	5	83	0	44.29
-2.303835	1.690107	2.620910	91	76	5	1	44.29
1.256637	0.829531	0.665695	94	78	6	0	44.28
-1.256637	0.954456	-1.287293	11	91	78	0	44.28
-2.513274	1.812466	2.597595	88	77	5	1	44.27
1.570796	0.803813	0.191520	93	77	4	0	44.25
-1.256637	1.816510	-0.008631	85	2	78	0	44.25
-2.827433	2.417386	-0.443097	93	78	2	0	44.24
1.570796	0.981877	1.537100	78	0	84	0	44.23
-2.199115	0.999847	-0.334738	93	80	9	0	44.22
-2.094395	1.433341	0.524268	84	9	85	0	44.21
-2.513274	2.363394	-0.272918	94	78	3	0	44.20
-2.199115	1.409552	0.647980	85	11	86	0	44.19
2.513274	1.964971	-2.100533	10	81	15	0	44.17
0.523599	1.258247	-1.953634	80	6	85	0	44.17
2.199115	2.085731	0.671081	87	84	15	0	44.16
2.722714	2.052181	2.326959	1	79	5	0	44.15
1.361357	0.965426	1.686615	79	1	84	0	44.15
-2.094395	2.112276	-1.027246	93	80	7	0	44.14
1.466077	0.715701	0.699906	95	77	6	0	44.13
-0.837758	1.158594	2.487618	11	16	0	0	44.13
-3.141593	2.033572	-1.842884	14	85	15	0	44.12
-3.141593	2.042874	-1.701367	15	85	14	0	44.11
-3.141593	1.426725	2.102242	91	83	14	0	44.11
-2.722714	2.338083	-0.943400	92	80	4	0	44.11
-0.942478	1.178898	1.827305	4	82	11	0	44.10
1.675516	1.616061	2.521531	1	79	9	0	44.09
0.733038	0.329984	1.201621	91	77	4	0	44.07
-3.141593	2.646182	-1.614036	95	79	6	0	44.04
-2.827433	1.616061	2.521531	87	77	4	1	44.00
-0.942478	1.155389	2.837148	93	74	85	0	43.98
-0.418879	0.294107	1.593880	8	89	73	0	43.98
2.932153	1.915467	-1.883143	13	83	15	0	43.96
2.513274	2.431406	-2.647820	14	13	91	0	43.96
1.570796	0.560531	2.378474	81	93	81	0	43.95
-2.303835	2.031959	-1.268178	92	80	6	0	43.95
-2.303835	0.770166	-0.266604	93	80	10	0	43.93
2.513274	1.893828	3.053453	3	81	10	0	43.92
2.094395	2.114380	0.531457	87	85	16	0	43.92
1.256637	0.730751	0.522488	92	78	6	0	43.92
0.314159	2.033572	-1.842884	91	82	12	0	43.92
-2.827433	1.690107	2.620910	88	77	5	1	43.92
-1.466077	2.539532	-0.074548	94	78	6	0	43.92
-3.036873	2.442222	-1.195837	92	80	5	0	43.91
-2.199115	1.529788	0.613208	85	11	85	0	43.91
-1.361357	0.982609	-1.136920	11	91	78	0	43.90
-0.314159	0.415893	1.464890	8	90	72	0	43.90
1.361357	0.970108	1.990771	78	4	86	0	43.89
-1.361357	2.660483	-0.034608	95	78	6	0	43.89
1.884956	2.173644	-2.403429	91	86	20	0	43.87
-1.675516	2.611256	-0.279110	95	78	5	0	43.87
-1.570796	0.970108	1.990771	2	77	1	0	43.87
-2.722714	1.642346	1.722617	94	77	5	0	43.86
1.884956	2.244355	0.309899	86	86	18	0	43.85
1.256637	0.882554	1.443757	0	78	8	0	43.84
2.827433	1.441473	1.448544	0	80	9	0	43.83
2.932153	1.840579	-2.536445	10	82	13	0	43.82
-2.513274	2.467647	0.287667	13	77	0	0	43.81
-1.256637	1.933878	0.034150	78	93	84	0	43.81
-1.047198	2.789817	0.395431	95	78	7	0	43.81
-2.722714	1.426479	1.573427	92	81	11	0	43.80
-0.733038	1.188278	1.690808	5	82	11	0	43.79
0.628319	2.738409	2.975671	15	17	94	0	43.78
3.036873	2.386110	-1.481351	92	80	6	0	43.77
1.256637	2.363101	-2.810456	91	88	21	0	43.77
1.256637	0.163506	0.573203	90	79	7	0	43.77
-1.780236	2.294058	-0.421070	93	78	4	0	43.77
-2.513274	1.697162	-1.249026	17	13	93	0	43.76
-2.827433	1.322568	1.499415	91	81	11	0	43.75
-2.617994	2.487957	-0.274279	93	78	3	0	43.75
-3.141593	2.134269	-1.948042	93	80	6	0	43.74
-2.827433	2.646182	-1.614036	92	80	7	0	43.74
0.523599	1.121943	-2.669042	80	9	88	0	43.73
-1.989675	1.409552	0.647980	86	13	85	0	43.73
3.036873	2.245628	-1.899216	93	80	6	0	43.71
-1.780236	2.434090	1.592818	88	81	11	0	43.70
3.036873	2.033572	-1.842884	14	84	15	0	43.69
1.151917	1.150348	-0.176418	93	80	11	0	43.68
0.733038	2.100482	-2.301084	93	79	9	0	43.68
2.722714	1.441473	1.448544	95	80	9	0	43.67
-2.827433	2.539516	-0.476942	93	78	3	0	43.67
0.314159	2.108277	-2.095907	94	82	11	0	43.66
-3.036873	2.245628	-1.899216	93	81	6	0	43.66
1.675516	0.884060	0.334199	0	78	8	0	43.64
1.675516	0.424766	-0.258729	91	78	4	0	43.63
0.628319	1.915467	-1.883143	93	81	11	0	43.63
-2.199115	1.804124	1.264249	83	2	80	0	43.62
2.932153	2.103695	-2.777707	90	81	9	0	43.61
2.303835	2.107523	3.129581	16	12	92	0	43.61
1.780236	0.759859	0.351923	0	77	6	0	43.61
1.675516	0.849888	1.767901	78	95	84	0	43.61
2.722714	0.943701	0.980328	6	19	95	0	43.60
-2.199115	0.770166	-0.266604	93	80	10	0	43.59
-3.141593	2.245628	-1.899216	93	81	6	0	43.58
3.036873	1.915467	-1.883143	14	83	14	0	43.57
1.884956	0.602620	0.029270	0	76	5	0	43.56
1.570796	2.243347	-2.521049	91	87	20	0	43.55
-0.837758	1.283786	2.462124	12	16	1	0	43.55
1.466077	0.163506	0.573203	92	78	6	0	43.54
0.209440	0.524769	-0.421955	3	79	6	0	43.53
-3.141593	2.353029	-1.310529	92	80	6	0	43.53
1.780236	2.283304	-2.345584	91	86	20	0	43.52
-2.199115	2.014338	-1.127392	93	80	7	0	43.52
1.780236	0.977824	0.441928	2	78	8	0	43.50
0.733038	0.404273	0.918163	91	78	5	0	43.50
-1.570796	0.142314	2.590387	7	87	74	0	43.50
-0.418879	1.972312	2.805134	0	82	12	0	43.50
2.513274	1.720612	2.279888	1	79	4	0	43.47
0.104720	0.505463	2.594557	3	17	82	0	43.47
-3.036873	2.353029	-1.310529	92	80	5	0	43.47
1.570796	0.750102	2.050636	81	94	81	0	43.46
-3.036873	2.343434	-2.013692	17	12	94	0	43.46
-2.722714	2.417386	-0.443097	93	78	2	0	43.46
1.989675	0.409009	-0.570243	91	78	5	0	43.43
1.361357	0.534610	2.154808	82	95	80	0	43.41
-1.989675	2.461774	-1.734913	93	79	7	0	43.41
1.780236	2.131178	0.386663	85	86	17	0	43.39
3.036873	2.226413	-2.064034	92	80	6	0	43.38
-2.199115	0.812512	-0.107335	94	80	10	0	43.38
-1.151917	1.854119	0.134161	85	1	78	0	43.37
-2.513274	2.293000	-0.124451	92	79	4	0	43.36
-2.513274	1.766737	2.722752	89	77	6	1	43.36
-1.466077	0.737893	1.866463	3	77	2	0	43.36
-1.256637	1.023796	-0.583691	3	91	72	0	43.36
-2.303835	1.804124	1.264249	83	1	79	0	43.34
-1.570796	0.632797	1.989858	3	77	2	0	43.34
-0.733038	1.283786	2.462124	92	83	12	0	43.34
1.570796	2.362948	-2.487477	91	87	20	0	43.33
1.151917	2.363101	-2.810456	91	88	22	0	43.33
-3.036873	2.149210	-1.482321	91	80	3	0	43.33
-2.094395	2.435993	0.683844	13	77	0	0	43.33
-1.256637	0.982609	-1.136920	11	91	78	0	43.33
-2.827433	2.083752	-0.511086	10	91	75	0	43.32
0.628319	1.673267	-0.665453	0	82	13	0	43.31
1.570796	0.737893	1.866463	79	95	83	0	43.30
-0.314159	1.893828	3.053453	2	82	11	0	43.29
-2.513274	2.487957	-0.274279	94	78	3	0	43.28
0.733038	2.738409	2.975671	14	18	94	0	43.27
-2.199115	2.108891	-2.532166	91	79	8	0	43.27
-1.256637	0.898758	-1.031948	11	91	78	0	43.27
2.932153	1.500204	0.737638	95	81	9	0	43.26
2.303835	2.604150	-2.885208	13	13	90	0	43.26
1.570796	0.943701	0.980328	0	78	8	0	43.25
1.989675	0.424766	-0.258729	94	77	5	0	43.24
1.780236	0.864300	0.043549	94	77	5	0	43.24
-2.094395	1.131400	-0.306629	94	80	10	0	43.24
-2.827433	2.335096	-0.588468	93	79	3	0	43.23
-1.361357	0.970108	1.990771	3	77	1	0	43.22
1.570796	0.849888	1.767901	79	95	83	0	43.21
2.722714	2.261466	-1.557500	3	79	8	0	43.20
2.722714	0.424766	-0.258729	1	89	72	0	43.19
1.675516	1.411944	2.444377	2	79	11	0	43.19
-2.827433	1.426479	1.573427	91	82	11	0	43.19
-1.780236	0.251672	2.848900	8	86	75	0	43.19
1.151917	0.502651	0.463333	90	79	7	0	43.18
-0.733038	1.016938	2.270674	12	16	1	0	43.18
0.523599	1.551135	-0.642994	95	83	14	0	43.17
-2.932153	0.147206	-1.385164	6	78	9	0	43.17
-2.303835	2.243347	-2.521049	89	79	9	0	43.17
0.733038	0.279854	0.814581	89	79	6	0	43.15
-1.884956	2.152901	-1.636788	94	79	8	0	43.14
-1.047198	0.889834	2.529957	95	79	5	0	43.14
-0.942478	1.026525	2.506945	11	16	95	0	43.14
2.932153	2.200418	-3.056442	91	80	9	0	43.13
-1.989675	1.707500	-2.531497	0	76	6	0	43.13
2.722714	2.049006	1.199930	86	88	17	0	43.12
-0.523599	1.846833	2.826543	94	82	12	0	43.12
-2.513274	2.329587	0.035498	92	77	0	0	43.11
-0.523599	0.981877	1.537100	13	14	90	0	43.11
1.151917	1.841033	-2.756932	13	17	92	0	43.08
-3.036873	2.019676	-1.980944	14	86	15	0	43.08
-1.256637	1.028027	3.036573	11	17	0	0	43.07
1.675516	0.664008	1.360091	80	95	81	0	43.06
-0.942478	1.188278	1.690808	4	81	11	0	43.06
1.989675	1.541082	2.424608	1	79	8	0	43.05
1.675516	0.302491	-0.400410	90	78	4	0	43.05
1.570796	1.283786	2.462124	1	79	11	0	43.05
1.989675	0.540208	1.400497	80	94	81	0	43.04
-3.036873	2.255601	-1.728131	16	12	93	0	43.04
-0.628319	1.072154	1.761506	6	82	12	0	43.04
-1.151917	1.841033	-2.756932	5	78	8	0	43.03
-2.827433	2.518454	-1.565852	92	80	6	0	43.02
-2.094395	1.139125	-1.924528	3	78	10	0	43.02
-1.151917	0.759800	2.546181	94	79	5	0	43.02
1.466077	2.431406	-2.647820	92	87	21	0	43.01
0.523599	2.036004	-0.757062	95	81	12	0	43.01
-1.151917	1.413639	1.697982	0	80	10	0	43.01
0.314159	2.338083	-0.943400	93	81	12	0	43.00
-1.884956	2.539516	-0.476942	94	78	5	0	43.00
2.827433	2.256702	-1.401367	4	79	8	0	42.99
2.932153	2.317634	-2.185225	92	81	7	0	42.98
2.199115	2.407941	-2.316753	84	95	22	0	42.98
0.523599	2.449191	-0.633651	92	80	11	0	42.98
-2.827433	1.665496	2.397872	85	77	3	1	42.98
-0.942478	1.085085	2.377673	11	16	94	0	42.98
2.199115	0.788382	1.331051	78	92	82	0	42.97
-2.303835	2.131223	-1.174311	92	80	7	0	42.96
0.628319	2.539516	-0.476942	92	79	10	0	42.95
1.466077	0.740650	1.681075	80	0	82	0	42.94
-1.570796	0.534610	2.154808	4	77	3	0	42.94
-1.151917	1.178898	1.827305	1	81	10	0	42.94
2.827433	1.076262	0.966104	17	13	95	0	42.93
0.837758	1.269614	-1.275246	90	81	8	0	42.93
2.094395	0.712883	1.174216	80	93	81	0	42.92
0.628319	1.927474	-1.754616	93	81	10	0	42.92
-1.989675	2.512538	1.239900	88	80	9	0	42.92
1.256637	0.759800	2.546181	81	0	82	0	42.91
-0.942478	2.978333	-0.412090	94	79	7	0	42.91
-1.361357	2.539532	-0.074548	95	78	6	0	42.90
-2.617994	1.938088	2.578507	87	77	7	1	42.89
1.466077	0.961838	1.839284	78	3	85	0	42.88
-1.151917	1.971438	-2.765415	5	78	7	0	42.88
0.209440	2.256702	-1.401367	2	81	14	0	42.87
2.513274	1.934862	1.989776	1	79	6	0	42.86
-2.827433	1.541082	2.424608	86	77	3	1	42.86
-1.256637	1.393612	1.952016	1	80	10	0	42.85
-2.827433	1.922256	2.347806	86	78	5	1	42.83
1.884956	0.803813	0.191520	0	77	5	0	42.81
1.780236	1.103783	0.408254	0	77	5	0	42.81
1.466077	2.362948	-2.487477	91	87	21	0	42.80
0.837758	1.559671	-1.074934	0	82	11	0	42.79
-1.884956	2.255601	-1.728131	94	79	8	0	42.78
2.617994	0.814161	1.010949	6	19	0	0	42.77
1.884956	2.283304	-2.345584	92	86	20	0	42.77
-2.932153	1.665187	1.477402	80	2	83	0	42.77
-0.418879	1.389268	-0.886349	0	78	6	0	42.77
3.036873	2.485945	-1.374853	92	80	7	0	42.76
-1.361357	0.858261	-1.191729	11	91	78	0	42.76
-0.733038	1.590018	-1.941652	10	18	2	0	42.76
0.314159	2.244035	-1.229456	0	81	13	0	42.75
-2.932153	2.676780	-1.901158	93	79	6	0	42.75
2.513274	1.846350	1.893983	1	79	6	0	42.73
0.733038	1.699172	-1.749717	94	81	11	0	42.73
-1.675516	1.019495	-1.894487	89	89	21	0	42.73
-1.466077	2.617344	-2.439480	92	78	8	0	42.73
-1.361357	0.626379	1.773610	4	77	2	0	42.72
2.617994	1.788829	-1.947553	10	80	14	0	42.70
1.884956	0.929031	0.185383	0	77	5	0	42.70
-3.036873	2.256702	-1.401367	92	80	5	0	42.70
-2.932153	1.690107	2.620910	86	78	4	1	42.70
3.036873	2.043060	-2.653746	91	80	9	0	42.69
2.303835	2.108891	-2.532166	2	79	6	0	42.68
-1.989675	1.289408	0.683122	82	8	85	0	42.68
1.047198	1.841033	-2.756932	13	17	92	0	42.67
-2.722714	0.745971	-0.781286	94	80	9	0	42.67
2.827433	2.740366	1.374341	82	95	79	0	42.66
0.733038	0.497870	0.727828	89	79	6	0	42.66
-2.932153	2.226002	-1.060248	92	80	3	0	42.66
-2.094395	1.458370	0.400433	84	9	85	0	42.66
1.989675	0.632622	-0.737642	94	75	3	0	42.65
1.466077	0.981877	1.537100	79	0	84	0	42.65
-0.418879	2.033572	-1.842884	91	83	15	0	42.65
1.466077	0.470622	0.014002	93	77	4	0	42.64
-2.094395	1.427868	0.984637	81	5	84	0	42.63
-1.466077	2.744633	-2.391311	91	78	9	0	42.63
1.675516	2.362948	-2.487477	91	86	20	0	42.62
0.733038	1.269614	-1.275246	89	81	8	0	42.62
0.209440	0.634455	-0.534790	3	79	5	0	42.62
1.884956	1.283786	2.462124	3	79	11	0	42.61
1.884956	0.626379	1.773610	81	92	80	0	42.61
1.256637	0.772218	2.227380	81	0	82	0	42.61
-1.989675	1.168025	0.717075	81	8	86	0	42.61
-2.094395	2.512538	1.239900	87	80	9	0	42.59
2.617994	1.413639	1.697982	95	80	8	0	42.58
2.408554	2.485907	-2.835471	13	13	91	0	42.58
-1.466077	0.632797	1.989858	4	77	2	0	42.58
1.675516	1.103783	0.408254	1	78	8	0	42.57
-0.733038	1.178898	1.827305	5	82	11	0	42.56
2.722714	1.426479	1.573427	95	80	9	0	42.55
1.466077	2.243347	-2.521049	90	87	21	0	42.52
0.628319	1.892144	-2.005340	93	80	10	0	42.52
-2.932153	2.453499	-1.008861	91	80	5	0	42.52
-0.837758	0.308059	2.021491	9	88	74	0	42.52
-2.617994	1.794553	2.374618	88	77	5	1	42.51
-2.827433	1.339550	1.370353	91	81	10	0	42.50
-1.570796	1.704478	-0.106295	83	7	84	0	42.49
1.047198	1.908408	-2.648903	14	17	93	0	42.48
0.523599	0.493314	3.117264	89	10	79	0	42.48
-2.199115	1.203760	1.556404	82	11	85	0	42.48
-2.094395	2.108891	-2.532166	92	78	8	0	42.48
-0.628319	2.033572	-1.842884	90	83	15	0	42.48
2.827433	2.226413	-2.064034	3	20	7	0	42.47
-0.314159	1.325286	-0.994192	2	78	6	0	42.47
2.932153	1.294736	1.756184	89	77	83	0	42.46
-0.523599	1.325286	-0.994192	95	78	6	0	42.46
-0.209440	1.603064	2.865774	8	83	11	0	42.46
1.884956	1.886971	-2.196665	94	78	7	0	42.45
0.523599	1.708430	-1.627552	93	82	11	0	42.45
-3.141593	1.500204	0.737638	95	81	9	0	42.45
3.036873	2.317634	-2.185225	17	12	94	0	42.44
1.675516	1.283786	2.462124	2	79	11	0	42.44
-3.036873	2.558223	-1.164189	91	80	6	0	42.44
-2.827433	1.603064	2.865774	88	77	5	1	42.44
-1.780236	2.539516	-0.476942	95	78	5	0	42.44
0.000000	2.672720	-1.110422	92	79	10	0	42.43
1.570796	0.632797	1.989858	81	94	81	0	42.42
-0.837758	1.321609	2.687717	11	16	94	0	42.42
1.780236	1.283786	2.462124	3	79	11	0	42.41
-2.094395	1.915790	-1.216366	94	79	7	0	42.41
1.675516	0.864300	0.043549	93	77	5	0	42.40
-0.733038	0.993052	2.137478	12	16	0	0	42.39
-0.418879	1.934802	2.927634	0	82	11	0	42.39
-2.827433	2.453499	-1.008861	92	80	5	0	42.38
1.570796	1.012180	0.304066	94	78	5	0	42.37
1.361357	1.074204	0.545276	95	78	6	0	42.37
1.780236	2.243347	-2.521049	92	87	21	0	42.36
1.675516	0.730751	0.522488	0	77	6	0	42.36
-1.989675	1.258247	-1.953634	3	78	10	0	42.36
-1.466077	0.893140	2.251698	3	77	2	0	42.36
-2.408554	0.812512	-0.107335	93	80	10	0	42.35
2.199115	2.681411	-2.667965	2	79	7	0	42.34
0.942478	1.157331	-2.906362	79	12	91	0	42.34
-2.303835	1.644848	2.743774	91	76	6	1	42.34
-1.675516	1.139125	-1.924528	88	89	21	0	42.34
-1.570796	1.410840	0.056219	81	9	88	0	42.34
-1.047198	1.294736	1.756184	1	81	10	0	42.34
-0.209440	0.499783	-1.654379	1	11	77	0	42.33
1.570796	0.829531	0.665695	0	77	6	0	42.32
-1.047198	1.971438	-2.765415	5	78	8	0	42.32
-3.141593	1.286936	1.886053	91	82	12	0	42.31
2.932153	2.018131	3.021778	87	81	9	0	42.30
2.617994	1.294736	1.756184	95	80	8	0	42.30
1.256637	1.150348	-0.176418	94	80	11	0	42.30
-2.932153	2.485907	-2.835471	92	79	7	0	42.29
-1.151917	1.522373	1.764991	0	80	10	0	42.29
2.199115	1.322568	1.499415	95	79	6	0	42.28
0.837758	1.162103	-1.322553	89	80	6	0	42.27
0.733038	1.042085	-2.292950	80	5	84	0	42.27
-2.303835	2.460902	0.490079	13	77	0	0	42.27
-2.617994	1.866694	2.473686	88	77	6	1	42.26
-1.466077	1.401926	1.822930	2	77	5	0	42.26
-0.523599	0.405617	1.773533	9	90	73	0	42.26
1.675516	0.644807	-0.327139	90	77	4	0	42.23
1.047198	1.898741	-2.875735	13	17	91	0	42.23
-3.141593	2.145635	-1.327708	92	79	3	0	42.23
-2.303835	2.166980	-0.134879	94	78	4	0	42.23
-0.733038	0.652440	2.197129	91	80	7	0	42.23
-2.827433	0.147206	-1.385164	7	78	9	0	42.22
1.675516	0.680326	-0.133370	91	77	5	0	42.21
-1.361357	1.994694	2.452813	90	83	16	0	42.21
2.094395	2.108277	-2.095907	92	84	18	0	42.20
-3.141593	2.019676	-1.980944	14	85	15	0	42.20
-1.780236	2.363394	-0.272918	93	78	5	0	42.19
-3.141593	2.354868	0.211543	83	91	18	0	42.18
-1.256637	1.724852	0.202831	85	0	77	0	42.18
-2.094395	1.589936	0.825020	78	9	93	0	42.17
1.675516	0.929031	0.185383	94	77	5	0	42.16
-2.408554	1.766737	2.722752	89	76	6	1	42.16
-2.094395	2.014338	-1.127392	93	80	7	0	42.16
-1.361357	0.819323	2.845960	94	79	7	0	42.16
1.361357	1.262380	-0.157609	95	79	11	0	42.15
2.094395	0.424766	-0.258729	95	76	5	0	42.14
1.047198	2.026196	-2.889057	13	17	91	0	42.14
-1.151917	0.935636	-1.445855	11	91	78	0	42.14
1.047198	0.616968	0.820489	92	78	6	0	42.12
-2.827433	1.561127	1.401111	76	1	89	0	42.12
-1.466077	2.173644	-2.403429	95	77	6	0	42.12
1.884956	2.032917	-2.199917	95	78	7	0	42.11
1.884956	0.864300	0.043549	95	77	5	0	42.10
-2.513274	1.889815	2.701570	88	77	7	1	42.10
-2.199115	1.258993	-0.284099	94	80	10	0	42.10
-0.628319	1.188278	1.690808	6	82	11	0	42.10
1.675516	2.407941	-2.316753	91	86	20	0	42.09
1.780236	2.230554	2.171334	14	15	0	0	42.08
-2.094395	0.999847	-0.334738	93	80	9	0	42.08
-1.675516	2.518454	-1.565852	94	79	8	0	42.08
-1.151917	2.780471	0.027732	2	78	8	0	42.07
2.408554	2.409450	-2.988432	14	12	91	0	42.06
1.780236	0.812512	-0.107335	93	77	5	0	42.06
1.780236	1.012180	0.304066	0	77	5	0	42.05
1.675516	0.550762	-0.180771	92	77	4	0	42.05
-2.199115	0.644807	-0.327139	94	79	9	0	42.05
0.628319	1.168406	-2.301519	81	6	84	0	42.04
-2.827433	1.546010	1.523462	91	82	11	0	42.04
-2.513274	1.603064	2.865774	89	76	6	1	42.04
-0.628319	2.019676	-1.980944	91	83	15	0	42.04
-0.104720	0.605711	0.598454	95	82	9	0	42.04
-1.047198	1.413639	1.697982	1	80	10	0	42.03
-0.314159	1.515235	1.068565	13	16	4	0	42.03
3.036873	2.019676	-1.980944	13	85	16	0	42.02
-3.141593	1.527261	-0.304916	8	18	3	0	42.02
1.466077	0.803813	0.191520	93	77	4	0	42.01
1.361357	0.339714	-0.013712	91	78	4	0	42.01
0.000000	0.550762	-0.180771	3	79	5	0	42.01
-3.036873	2.386110	-1.481351	91	81	6	0	42.00
-2.513274	1.523102	2.765920	90	76	5	1	42.00
-1.884956	0.053884	-2.408394	7	78	8	0	42.00
2.199115	1.001920	0.848054	10	16	93	0	41.99
1.780236	1.006146	1.389734	78	94	83	0	41.99
1.361357	2.431406	-2.647820	91	87	21	0	41.99
2.617994	2.103118	2.194745	1	79	5	0	41.98
-2.199115	2.558146	0.627191	13	77	1	0	41.98
-1.466077	2.453499	-1.008861	89	13	84	0	41.98
2.094395	0.680326	-0.133370	1	76	6	0	41.97
2.827433	1.915467	-1.883143	12	82	15	0	41.96
2.408554	2.363101	-2.810456	13	13	91	0	41.96
1.780236	2.317634	-2.185225	91	85	19	0	41.96
1.675516	1.012180	0.304066	95	77	6	0	41.95
0.418879	2.036004	-0.757062	95	81	12	0	41.95
1.466077	0.965426	1.686615	78	1	84	0	41.94
-1.780236	2.518454	-1.565852	94	79	8	0	41.93
-1.570796	1.218146	-0.672643	12	89	79	0	41.93
3.036873	1.391324	1.109396	1	80	9	0	41.92
1.884956	0.812512	-0.107335	94	77	5	0	41.92
1.780236	0.913918	1.287618	79	94	82	0	41.91
-1.151917	1.307513	1.628003	0	81	10	0	41.91
-0.837758	1.016938	2.270674	13	16	1	0	41.91
1.361357	0.882554	1.443757	1	78	8	0	41.90
0.314159	2.226413	-2.064034	95	81	11	0	41.90
0.104720	1.821360	-2.984352	0	80	9	0	41.90
-2.932153	1.739676	2.496017	87	78	4	1	41.90
-2.722714	1.794553	2.374618	87	77	4	1	41.90
1.151917	1.908408	-2.648903	13	17	93	0	41.89
0.314159	0.524769	-0.421955	2	80	6	0	41.89
-0.733038	1.645258	2.188109	94	82	12	0	41.89
2.199115	0.524769	-0.421955	95	77	6	0	41.88
1.884956	0.735125	0.037270	95	77	5	0	41.88
-0.209440	0.981877	1.537100	15	15	3	0	41.88
-1.675516	1.786634	-0.346247	81	9	88	0	41.87
1.884956	1.411944	2.444377	3	79	11	0	41.86
1.675516	1.365228	2.563808	2	79	10	0	41.85
1.151917	0.279854	0.814581	91	78	6	0	41.85
0.837758	0.404273	0.918163	90	78	6	0	41.85
-2.617994	2.528686	2.737228	85	80	13	0	41.85
-1.047198	1.401926	1.822930	2	81	10	0	41.85
1.570796	1.411944	2.444377	1	79	11	0	41.84
-2.617994	1.679277	-1.122421	18	12	92	0	41.84
-1.256637	1.510518	1.884920	0	80	11	0	41.84
-0.314159	2.018131	3.021778	0	82	12	0	41.84
2.827433	0.937395	0.729108	0	80	10	0	41.83
-3.141593	2.485907	-2.835471	91	80	8	0	41.83
-1.256637	1.165407	3.092861	11	17	0	0	41.83
-0.209440	1.707244	-0.444770	15	13	91	0	41.83
0.418879	1.817772	-1.689625	93	82	10	0	41.82
-2.932153	2.431406	-2.647820	92	80	8	0	41.82
2.094395	1.119777	0.834702	11	16	92	0	41.80
-3.036873	1.665187	1.477402	80	3	83	0	41.80
-2.094395	2.131223	-1.174311	93	80	7	0	41.80
-1.256637	1.178898	1.827305	0	80	9	0	41.80
2.617994	0.269108	-1.215563	93	77	6	0	41.79
-1.466077	2.079746	-0.897699	82	5	84	0	41.79
-1.675516	1.999226	-0.620717	82	8	85	0	41.77
-1.466077	1.510518	1.884920	1	77	4	0	41.77
-1.466077	1.087142	2.058815	2	77	1	0	41.77
0.523599	1.788829	-1.947553	93	81	9	0	41.76
1.047198	0.279854	0.814581	90	79	6	0	41.75
0.418879	0.599643	-3.045235	89	11	80	0	41.75
0.314159	0.201102	1.249082	88	79	6	0	41.75
-1.361357	1.776419	-2.642421	3	78	9	0	41.75
-1.047198	1.307513	1.628003	0	81	10	0	41.75
-1.047198	0.721019	2.721536	95	79	6	0	41.75
-0.942478	2.789817	0.395431	0	78	7	0	41.75
-0.942478	0.561629	-0.924576	5	9	76	0	41.75
1.256637	0.893140	2.251698	78	4	87	0	41.74
1.989675	0.866940	0.851229	2	78	8	0	41.73
0.628319	1.808822	-1.817375	93	81	10	0	41.73
-1.675516	2.931927	-2.728768	92	78	9	0	41.72
-1.151917	0.858261	-1.191729	11	91	78	0	41.72
2.199115	1.388849	2.233847	0	80	9	0	41.71
1.466077	2.682152	0.245751	90	78	10	0	41.71
-0.314159	0.497870	0.727828	95	81	10	0	41.69
-0.837758	2.856905	-0.318441	94	79	7	0	41.68
2.513274	2.780208	-0.626453	14	95	81	0	41.67
1.570796	1.006146	1.389734	79	95	83	0	41.65
-2.722714	1.769149	1.550298	7	82	11	0	41.65
-2.303835	2.049502	-0.137989	93	78	3	0	41.65
-0.837758	1.072154	1.761506	5	82	12	0	41.65
1.570796	0.884060	0.334199	94	78	6	0	41.64
-1.570796	2.572710	-0.934665	89	14	84	0	41.64
-3.141593	1.893281	-1.083976	95	82	15	0	41.63
-2.408554	2.175711	-2.655523	89	79	8	0	41.63
1.151917	2.660483	-0.034608	89	79	11	0	41.62
2.827433	1.994694	2.452813	1	79	5	0	41.61
-1.675516	1.401926	1.822930	1	77	5	0	41.61
3.036873	0.999847	-0.334738	0	79	8	0	41.60
2.513274	2.489741	-2.468428	14	13	91	0	41.60
1.780236	2.032917	-2.199917	94	78	7	0	41.60
-2.932153	2.083752	-0.511086	10	91	75	0	41.60
-1.466077	0.806832	3.022155	94	79	8	0	41.60
0.733038	2.932096	2.377790	1	77	5	0	41.59
-2.722714	1.876049	-0.594378	10	93	74	0	41.59
-1.466077	2.660483	-0.034608	94	78	6	0	41.59
-0.733038	1.331651	2.344497	92	82	11	0	41.59
-2.932153	2.031959	-1.268178	92	79	2	0	41.58
-1.570796	2.611256	-0.279110	95	78	5	0	41.58
2.932153	1.927474	-1.754616	14	83	14	0	41.57
1.884956	2.100482	-2.301084	91	85	19	0	41.57
-3.036873	1.739676	2.496017	86	78	4	1	41.57
-1.151917	1.431375	-2.313269	11	18	2	0	41.57
2.094395	2.237183	0.468799	87	85	17	0	41.56
-1.780236	2.152901	-1.636788	94	79	9	0	41.56
2.722714	1.522373	1.764991	95	80	8	0	41.55
1.989675	0.302491	-0.400410	94	77	4	0	41.54
-1.884956	1.289408	0.683122	81	7	85	0	41.54
-0.942478	0.294107	1.593880	4	78	4	0	41.54
-0.837758	1.188278	1.690808	5	81	11	0	41.54
-0.628319	1.588901	2.301496	0	82	13	0	41.54
3.036873	2.026196	-2.889057	91	80	8	0	41.53
2.722714	2.256702	-1.401367	4	79	8	0	41.53
1.884956	0.588527	1.181755	81	95	80	0	41.53
1.570796	0.735125	0.037270	93	77	5	0	41.53
0.314159	2.149210	-1.482321	3	82	15	0	41.53
-2.827433	1.644848	2.743774	87	77	5	1	41.52
1.989675	0.812512	-0.107335	95	77	5	0	41.51
-2.617994	2.255601	-1.728131	16	14	91	0	41.51
-0.209440	1.072154	1.761506	94	80	9	0	41.51
1.256637	1.006146	1.389734	0	78	7	0	41.50
-0.523599	1.770514	3.070982	95	82	12	0	41.50
0.733038	2.211602	1.443930	8	2	76	0	41.49
0.523599	1.823386	-1.429807	93	82	11	0	41.49
0.209440	2.453499	-1.008861	93	80	11	0	41.48
-2.617994	2.294058	-0.421070	93	79	2	0	41.48
1.675516	0.943701	0.980328	1	78	8	0	41.47
-3.141593	1.409552	0.647980	95	81	9	0	41.47
-3.036873	2.014338	-1.127392	92	79	2	0	41.47
-2.827433	1.854119	0.134161	95	80	8	0	41.47
-1.884956	0.251672	2.848900	7	86	75	0	41.47
-0.942478	1.794553	2.374618	6	81	13	0	41.47
-0.733038	1.247736	2.242810	91	83	12	0	41.47
1.989675	2.195400	-2.217546	92	85	19	0	41.46
2.932153	2.156474	-2.912065	90	81	9	0	41.45
2.827433	2.052181	2.326959	1	79	4	0	41.45
1.466077	2.307188	-2.656134	91	87	21	0	41.45
0.314159	2.256702	-1.401367	2	81	14	0	41.45
-0.733038	1.588901	2.301496	95	82	13	0	41.45
2.932153	2.134269	-1.948042	3	20	8	0	41.44
0.314159	2.460199	-0.822008	92	80	11	0	41.44
0.209440	2.890337	-0.825633	92	78	10	0	41.44
-2.199115	1.589936	0.825020	79	10	92	0	41.44
-1.884956	2.364509	-1.644533	94	79	7	0	41.44
-1.047198	1.854119	0.134161	85	1	78	0	41.44
2.722714	1.739676	2.496017	2	79	4	0	41.43
1.675516	2.108891	-2.532166	90	86	20	0	41.43
-2.722714	1.546010	1.523462	92	81	11	0	41.43
-1.780236	2.676780	-1.901158	84	85	18	0	41.43
2.932153	1.776419	-2.642421	9	82	13	0	41.42
1.151917	0.163506	0.573203	89	79	7	0	41.42
-0.733038	1.201164	2.355931	92	83	12	0	41.42
2.408554	0.321905	-0.829121	94	77	5	0	41.41
3.036873	2.234383	-2.792065	91	81	8	0	41.40
1.780236	0.727136	-1.633288	89	77	6	0	41.39
1.361357	0.673985	0.203855	91	78	4	0	41.39
-2.722714	2.294058	-0.421070	93	79	3	0	41.39
1.466077	1.815016	0.278951	91	78	11	0	41.38
0.418879	1.258247	-1.953634	94	79	6	0	41.38
-2.617994	1.523102	2.765920	90	76	5	1	41.38
1.780236	2.362948	-2.487477	92	87	21	0	41.37
-3.036873	1.773527	-1.039582	0	82	14	0	41.37
-0.837758	0.759800	2.546181	95	79	6	0	41.37
1.570796	0.284058	0.357350	91	79	7	0	41.36
-2.303835	1.724868	2.846246	91	76	7	1	41.36
-1.989675	1.119777	0.834702	80	7	86	0	41.36
2.722714	1.413639	1.697982	95	81	8	0	41.35
-1.780236	0.993052	2.137478	1	76	2	0	41.35
1.361357	0.788382	1.331051	0	78	8	0	41.34
-2.932153	1.794553	2.374618	85	79	4	1	41.34
-2.408554	1.846833	2.826543	89	77	8	1	41.34
-2.303835	2.519348	0.843503	88	80	9	0	41.34
-2.303835	1.780769	1.416330	83	1	79	0	41.34
-1.675516	1.620988	-0.875920	1	79	10	0	41.34
-1.361357	2.890337	-0.825633	94	79	7	0	41.34
-1.570796	2.856905	-0.318441	1	78	7	0	41.33
-1.466077	0.165485	-2.875396	6	78	7	0	41.33
-0.837758	1.124930	2.219917	12	16	0	0	41.33
-0.209440	0.470622	0.014002	3	79	7	0	41.33
1.780236	0.470622	0.014002	95	76	4	0	41.32
0.942478	2.734349	-0.289298	90	79	12	0	41.32
2.408554	1.846350	1.893983	1	79	6	0	41.31
1.047198	1.776419	-2.642421	14	17	93	0	41.31
0.837758	0.532541	0.978737	90	78	6	0	41.30
-2.094395	1.378096	0.774626	84	11	85	0	41.30
0.000000	2.195400	-2.217546	0	82	11	0	41.29
-1.361357	2.870445	-2.291001	91	78	9	0	41.29
2.199115	0.664008	1.360091	79	92	82	0	41.28
1.884956	0.636205	1.561170	79	94	82	0	41.28
0.209440	2.682859	-0.817071	93	78	9	0	41.28
-2.722714	1.490555	2.543284	88	76	4	1	41.27
-2.617994	1.665496	2.397872	87	76	3	1	41.27
-0.418879	1.432325	-1.029054	0	78	5	0	41.27
1.989675	1.938088	2.578507	14	13	88	0	41.26
0.523599	2.033572	-1.842884	93	82	10	0	41.26
0.733038	1.139125	-1.924528	80	5	85	0	41.25
-2.827433	1.815016	0.278951	95	80	8	0	41.25
-2.722714	2.226002	-1.060248	93	80	3	0	41.25
-2.094395	1.986720	-0.993220	93	80	7	0	41.25
-1.570796	0.893140	2.251698	2	77	2	0	41.25
-1.361357	2.083752	-0.511086	80	7	87	0	41.25
2.932153	1.391324	1.109396	1	80	9	0	41.24
1.989675	2.554022	2.320619	12	18	6	0	41.24
1.466077	1.168406	-2.301519	91	78	7	0	41.24
-0.733038	2.243347	-2.521049	0	80	12	0	41.24
-1.361357	1.999226	-0.620717	83	5	83	0	41.23
2.303835	2.200418	-3.056442	0	80	9	0	41.22
1.570796	0.630671	0.391949	94	78	7	0	41.22
-3.141593	2.485945	-1.374853	91	80	6	0	41.22
-0.733038	0.190569	1.929141	8	88	74	0	41.22
0.418879	1.823834	-1.560483	92	82	11	0	41.21
-3.036873	1.999226	-0.620717	10	91	76	0	41.20
-3.141593	1.945677	-2.999805	88	80	10	0	41.19
-2.932153	2.343265	-0.779061	93	79	3	0	41.19
-1.675516	1.832690	-0.468440	81	8	87	0	41.19
-1.256637	1.708430	-1.627552	88	89	21	0	41.19
1.361357	0.751046	0.863821	95	77	6	0	41.18
0.314159	0.294107	1.593880	91	77	4	0	41.18
-2.303835	0.999847	-0.334738	93	80	9	0	41.18
1.256637	0.851126	0.493370	93	78	7	0	41.17
-2.827433	1.866694	2.473686	86	78	6	1	41.17
-2.094395	2.355165	-1.833173	93	79	6	0	41.17
-2.094395	1.086822	-0.441112	93	80	9	0	41.17
-1.047198	1.016938	2.270674	10	17	93	0	41.17
3.036873	2.099185	1.667006	77	84	9	0	41.16
2.094395	1.247736	2.242810	5	80	14	0	41.16
1.570796	0.518569	1.644237	81	0	81	0	41.16
-1.151917	1.925185	0.231170	86	1	77	0	41.16
3.036873	1.927474	-1.754616	14	83	14	0	41.15
2.932153	0.812512	-0.107335	14	15	2	0	41.15
1.884956	2.131178	0.386663	86	86	17	0	41.15
1.256637	2.780471	0.027732	90	79	12	0	41.15
0.209440	0.505463	2.594557	2	17	82	0	41.15
2.722714	1.794553	2.374618	2	79	5	0	41.14
1.989675	1.464952	2.329245	0	79	8	0	41.14
-2.513274	2.166980	-0.134879	15	82	7	0	41.14
-0.942478	1.331651	2.344497	13	16	1	0	41.14
-0.209440	1.389268	-0.886349	13	16	2	0	41.14
-1.256637	1.925185	0.231170	86	1	77	0	41.13
1.466077	0.970108	1.990771	77	2	86	0	41.12
1.466077	0.284058	0.357350	90	79	7	0	41.12
1.047198	0.302491	-0.400410	82	87	15	0	41.12
-2.408554	1.724868	2.846246	90	76	7	1	41.11
-0.837758	1.498907	-2.207327	10	18	2	0	41.11
1.989675	0.882554	1.443757	78	92	83	0	41.10
1.570796	0.941718	1.125085	0	78	7	0	41.10
-2.199115	1.027004	-0.203653	93	80	10	0	41.10
-3.036873	1.074029	1.909193	91	81	11	0	41.09
-2.932153	1.307513	1.628003	89	82	13	0	41.09
3.036873	1.378096	0.774626	95	81	8	0	41.08
1.570796	0.829816	1.167147	1	78	9	0	41.08
1.989675	2.237183	0.468799	86	86	17	0	41.07
1.884956	2.237183	0.468799	86	85	17	0	41.07
1.780236	2.103118	2.194745	13	15	1	0	41.07
-2.513274	1.490555	2.543284	89	76	3	1	41.07
2.827433	2.026196	-2.889057	89	80	8	0	41.06
0.000000	0.721019	2.721536	3	18	84	0	41.06
-2.408554	2.052794	-0.008526	93	79	4	0	41.06
-2.094395	0.861655	-0.394821	93	80	10	0	41.06
1.570796	1.103783	0.408254	0	78	7	0	41.05
1.466077	0.673985	0.203855	92	77	4	0	41.05
-2.094395	2.463986	1.034407	88	80	9	0	41.05
-2.094395	0.770166	-0.266604	94	79	9	0	41.05
-1.989675	1.458370	0.400433	83	8	85	0	41.05
-0.314159	1.858863	-3.106022	1	82	11	0	41.05
-0.209440	1.712415	-2.747921	84	93	22	0	41.05
1.361357	0.941718	1.125085	0	78	9	0	41.04
1.884956	0.943701	0.980328	2	78	8	0	41.03
1.675516	0.088408	-0.311160	92	78	3	0	41.03
0.523599	2.079746	-0.897699	0	81	12	0	41.03
-2.199115	2.244035	-1.229456	93	80	7	0	41.03
-1.675516	1.574849	-0.091505	83	7	84	0	41.03
-1.256637	2.083752	-0.511086	80	6	87	0	41.03
1.361357	0.849888	1.767901	79	1	83	0	41.02
-0.942478	1.279716	2.812101	93	74	85	0	41.02
-0.523599	1.809020	2.949741	0	82	11	0	41.02
1.675516	1.298546	2.020601	0	78	6	0	41.01
1.361357	0.163506	0.573203	91	78	6	0	41.01
0.628319	1.106275	-2.420800	81	6	84	0	41.01
0.314159	2.336046	-1.115799	95	80	12	0	41.01
-0.418879	0.981877	1.537100	13	15	90	0	41.01
3.036873	0.939144	-0.092962	12	16	2	0	41.00
2.199115	2.108277	-2.095907	93	84	18	0	41.00
0.733038	1.266731	-1.412461	89	81	8	0	41.00
-2.932153	2.386110	-1.481351	91	81	6	0	41.00
-2.199115	2.324376	-3.111006	76	94	89	0	41.00
-2.199115	1.927474	-1.754616	20	88	95	0	41.00
-1.361357	0.993052	2.137478	3	77	1	0	41.00
-0.314159	0.616968	0.820489	95	81	9	0	41.00
1.989675	1.331651	2.344497	4	79	12	0	40.99
0.418879	1.551135	-0.642994	95	83	14	0	40.99
-2.827433	1.490555	2.543284	87	77	3	1	40.99
-2.094395	1.466050	0.862104	79	10	93	0	40.99
2.408554	2.617344	-2.439480	2	79	6	0	40.98
1.675516	2.307188	-2.656134	92	87	21	0	40.98
2.617994	1.690453	-2.123076	8	80	14	0	40.97
1.884956	0.540208	1.400497	80	94	81	0	40.97
-1.570796	1.139125	-1.924528	89	89	21	0	40.97
2.094395	1.076262	0.966104	10	16	93	0	40.96
0.418879	1.915467	-1.883143	92	83	12	0	40.96
-3.141593	1.336522	0.435098	18	12	95	0	40.96
-2.303835	1.766737	2.722752	91	76	6	1	40.96
-1.466077	1.911828	-0.364489	81	7	87	0	40.96
1.989675	2.100482	-2.301084	91	85	19	0	40.95
0.523599	2.226413	-2.064034	80	13	9	0	40.95
2.617994	1.794553	2.374618	2	79	5	0	40.94
1.570796	0.718851	-1.442215	88	78	5	0	40.94
0.523599	2.661713	-0.529511	92	79	10	0	40.94
-1.361357	0.165485	-2.875396	7	78	7	0	40.94
2.199115	1.690107	2.620910	4	80	11	0	40.93
1.570796	1.892144	-2.005340	92	77	6	0	40.93
1.466077	0.632797	1.989858	81	95	81	0	40.93
0.523599	0.916555	-2.287173	82	6	82	0	40.93
0.314159	0.599643	-3.045235	90	12	79	0	40.93
1.780236	0.814161	1.010949	1	78	8	0	40.92
-0.837758	1.471330	-1.886160	90	86	19	0	40.92
2.617994	2.020545	2.088672	2	79	6	0	40.91
-2.408554	1.616061	2.521531	90	76	4	1	40.90
-2.199115	0.861655	-0.394821	92	80	10	0	40.90
-1.361357	2.036004	-0.757062	82	5	83	0	40.90
1.989675	2.213937	0.621892	86	85	17	0	40.89
-2.932153	1.103783	0.408254	95	80	8	0	40.89
1.151917	1.262380	-0.157609	93	80	11	0	40.88
1.884956	1.055458	0.170394	0	77	6	0	40.87
-1.570796	1.739971	-0.228876	81	9	88	0	40.87
-1.466077	1.936327	-0.099350	85	14	87	0	40.87
1.884956	0.757018	-0.608833	94	75	3	0	40.86
1.047198	1.317907	-1.121023	80	13	16	0	40.86
0.523599	2.042874	-1.701367	92	81	10	0	40.86
-2.722714	2.608630	-1.378011	83	88	17	0	40.86
-2.617994	2.417386	-0.443097	93	78	2	0	40.86
-2.617994	1.362302	1.239384	91	80	10	0	40.86
2.722714	2.317634	-2.185225	4	20	5	0	40.85
2.617994	1.866694	2.473686	2	79	5	0	40.85
2.199115	1.221608	1.421669	95	79	7	0	40.85
1.780236	2.026074	0.300945	85	86	17	0	40.85
1.361357	0.937395	0.729108	95	77	5	0	40.85
1.361357	0.913918	1.287618	1	78	8	0	40.85
-3.036873	2.779245	-2.046268	93	80	7	0	40.85
-1.361357	1.612085	1.968802	1	77	4	0	40.85
0.628319	1.109345	-2.172718	80	5	85	0	40.84
-1.989675	2.112276	-1.027246	94	80	7	0	40.84
-1.361357	1.568892	2.098362	1	78	5	0	40.84
-1.256637	0.704080	2.911636	95	79	7	0	40.84
1.675516	0.814161	1.010949	0	78	7	0	40.83
1.151917	2.317634	-2.185225	88	86	21	0	40.83
-1.989675	1.433341	0.524268	83	8	85	0	40.83
-1.884956	2.417386	-0.443097	94	78	5	0	40.83
-1.780236	1.336522	0.435098	81	8	86	0	40.83
0.942478	0.605711	0.598454	90	79	6	0	40.81
0.837758	1.049272	-1.376344	89	80	6	0	40.81
-2.408554	2.575994	0.391718	13	77	1	0	40.81
-1.675516	2.423190	1.789783	87	81	12	0	40.81
2.408554	2.200418	-3.056442	15	12	92	0	40.80
1.989675	1.001920	0.848054	3	79	10	0	40.80
-3.141593	0.877352	-0.574668	95	79	8	0	40.80
-1.570796	1.115957	-1.787597	89	89	21	0	40.80
1.884956	2.114380	0.531457	85	85	16	0	40.79
0.733038	2.256702	-1.401367	91	81	15	0	40.79
-3.141593	1.964774	1.855507	78	83	10	0	40.79
-2.094395	2.833517	-3.085508	92	77	9	0	40.79
-0.837758	0.937910	2.787575	12	93	75	0	40.79
2.932153	1.983195	-3.127984	87	81	10	0	40.78
0.942478	0.385088	0.590355	89	79	7	0	40.78
-1.570796	1.551135	-0.642994	94	79	9	0	40.78
0.837758	2.642029	0.813274	94	77	5	0	40.77
0.628319	2.932096	2.377790	0	76	5	0	40.77
-2.932153	1.616061	2.521531	87	77	4	1	40.77
-2.408554	1.739676	2.496017	90	76	4	1	40.77
-2.408554	1.567193	2.643172	90	76	4	1	40.77
-2.199115	2.435993	0.683844	12	76	0	0	40.77
2.932153	2.570050	-1.804492	95	79	6	0	40.76
-2.932153	2.364509	-1.644533	17	12	93	0	40.76
-2.932153	1.915790	-1.216366	93	78	2	0	40.76
-2.408554	1.972312	2.805134	89	77	9	1	40.76
-2.617994	1.889815	2.701570	87	77	7	1	40.75
-0.418879	1.809020	2.949741	95	82	12	0	40.75
2.303835	2.043060	-2.653746	1	79	6	0	40.74
-2.932153	1.576334	0.365236	13	81	8	0	40.74
1.989675	2.131178	0.386663	86	85	17	0	40.73
1.256637	2.307188	-2.656134	90	87	21	0	40.73
0.733038	1.579624	-1.199759	95	82	12	0	40.73
-2.827433	1.938088	2.578507	85	78	7	1	40.73
-2.094395	1.555041	0.947813	79	10	92	0	40.73
-1.361357	0.806832	3.022155	95	79	8	0	40.73
-1.256637	1.286936	1.886053	2	79	9	0	40.73
-0.418879	2.018131	3.021778	0	82	12	0	40.73
3.036873	0.644807	-0.327139	0	78	6	0	40.72
1.675516	2.244355	0.309899	85	86	18	0	40.72
1.256637	0.817846	2.390688	81	0	82	0	40.72
1.047198	1.376560	-1.355481	77	8	93	0	40.72
-2.722714	1.720612	2.279888	86	77	3	1	40.72
-1.466077	1.957868	-0.490784	81	7	86	0	40.71
-1.047198	1.178898	1.827305	3	81	11	0	40.71
1.780236	2.195400	-2.217546	90	85	19	0	40.70
1.256637	0.632708	2.566722	81	95	81	0	40.70
0.104720	2.223375	-0.906185	0	79	10	0	40.70
-1.047198	1.815016	0.278951	85	0	77	0	40.70
1.466077	1.084151	1.618525	78	1	84	0	40.69
-3.141593	2.604150	-2.885208	91	80	8	0	40.69
-0.837758	1.279716	2.812101	4	80	7	0	40.69
1.570796	0.749432	-0.442559	92	76	2	0	40.68
0.523599	2.019676	-1.980944	93	82	12	0	40.68
-2.827433	2.556919	-2.655005	92	80	8	0	40.68
-2.303835	0.897463	-0.240822	93	80	10	0	40.68
1.989675	0.864300	0.043549	0	76	5	0	40.67
1.884956	2.431584	2.307631	10	19	7	0	40.67
0.314159	2.572710	-0.934665	93	79	10	0	40.67
1.466077	1.074029	1.909193	77	3	86	0	40.66
0.418879	1.629346	-0.542669	94	82	14	0	40.66
-3.141593	1.986720	-0.993220	8	18	6	0	40.66
-2.827433	2.570050	-1.804492	93	80	6	0	40.66
-2.303835	1.567193	2.643172	91	75	4	1	40.66
2.827433	1.413639	1.697982	95	80	8	0	40.65
2.722714	1.895117	2.121107	2	79	5	0	40.65
1.361357	1.812466	2.597595	0	78	9	0	40.65
-2.303835	2.660483	-0.034608	94	77	4	0	40.65
-1.780236	1.099138	-1.084033	80	11	11	0	40.65
3.036873	2.353029	-1.310529	91	80	6	0	40.64
1.884956	1.001920	0.848054	2	79	9	0	40.64
1.780236	1.665496	2.397872	1	79	9	0	40.64
1.675516	0.673985	0.203855	93	77	4	0	40.64
1.047198	2.534798	-2.266671	94	78	11	0	40.64
-1.466077	0.772218	2.227380	3	77	2	0	40.64
-1.361357	1.745952	0.084733	85	1	78	0	40.64
-2.617994	1.490555	2.543284	88	76	3	1	40.63
-0.523599	2.768238	-1.679243	93	78	10	0	40.63
0.628319	1.507448	-0.514782	95	82	14	0	40.62
-1.047198	0.426507	2.367872	90	80	8	0	40.62
0.523599	1.050039	-2.552086	80	9	88	0	40.61
-2.722714	1.541082	2.424608	87	76	3	1	40.61
1.884956	0.524769	-0.421955	91	77	4	0	40.60
-1.256637	0.634455	-0.534790	94	78	9	0	40.60
3.036873	2.146582	-1.793788	14	85	15	0	40.59
1.256637	2.898932	0.139973	89	79	11	0	40.59
0.209440	2.244035	-1.229456	95	81	13	0	40.59
-2.303835	0.680326	-0.133370	94	80	10	0	40.59
-2.094395	0.749432	-0.442559	94	79	9	0	40.59
-1.256637	2.780471	0.027732	0	78	7	0	40.59
1.780236	0.652440	2.197129	80	93	81	0	40.58
0.733038	0.898758	-1.031948	93	80	8	0	40.58
-2.722714	1.812466	2.597595	87	78	6	1	40.58
-0.314159	1.317907	-1.121023	1	78	5	0	40.58
3.036873	1.209341	0.471162	19	12	0	0	40.57
2.827433	2.033572	-1.842884	12	83	15	0	40.57
0.837758	0.616968	0.820489	90	78	6	0	40.57
0.418879	2.226002	-1.060248	0	81	12	0	40.57
-2.827433	1.720612	2.279888	85	77	3	1	40.57
2.827433	2.343434	-2.013692	9	17	4	0	40.56
-2.199115	1.643925	1.034629	80	11	91	0	40.56
-2.199115	0.939144	-0.092962	94	80	11	0	40.56
-2.094395	2.584774	1.046703	88	80	9	0	40.56
-1.884956	1.378096	0.774626	85	13	84	0	40.56
-3.141593	2.256702	-1.401367	92	80	5	0	40.55
-2.932153	1.665496	2.397872	85	78	3	1	40.55
-0.418879	0.415893	1.464890	7	90	72	0	40.55
-0.314159	0.605711	0.598454	95	80	8	0	40.55
-1.466077	0.984265	-2.156073	93	78	10	0	40.54
-1.361357	1.509287	2.204647	2	78	5	0	40.54
2.827433	2.019676	-1.980944	12	83	16	0	40.53
0.418879	2.244035	-1.229456	1	81	13	0	40.53
-0.837758	0.652440	2.197129	91	80	7	0	40.53
1.780236	0.770166	-0.266604	91	77	6	0	40.52
1.675516	0.727136	-1.633288	88	78	6	0	40.52
1.466077	1.889815	2.701570	1	78	8	0	40.52
2.722714	2.661713	-0.529511	11	93	78	0	40.51
-2.827433	1.573572	1.278593	92	81	10	0	40.51
-2.199115	2.049502	-0.137989	94	78	3	0	40.51
-1.884956	2.166724	-0.401638	93	78	3	0	40.51
-0.942478	0.190569	1.929141	7	88	73	0	40.51
-0.314159	2.850089	-1.343899	92	78	9	0	40.51
1.884956	1.201164	2.355931	3	79	12	0	40.50
-2.722714	1.724852	0.202831	95	81	10	0	40.50
-2.408554	1.589936	0.825020	87	80	11	0	40.50
-1.466077	0.519001	1.900488	3	77	2	0	40.50
2.408554	2.522766	-3.059231	14	15	5	0	40.49
1.780236	0.941718	1.125085	3	79	9	0	40.49
1.780236	0.673985	0.203855	94	77	4	0	40.49
-3.036873	2.485907	-2.835471	91	80	7	0	40.49
-1.570796	1.673267	-0.665453	94	79	8	0	40.49
-1.151917	1.165407	3.092861	10	18	0	0	40.49
-1.884956	2.850089	-1.343899	94	79	6	0	40.48
-1.570796	2.303283	1.855938	88	81	13	0	40.48
2.408554	1.934862	1.989776	1	79	6	0	40.47
1.675516	0.759859	0.351923	94	77	4	0	40.47
1.570796	1.886971	-2.196665	91	78	7	0	40.47
-1.151917	2.026074	0.300945	78	93	83	0	40.47
-0.942478	0.652440	2.197129	90	81	7	0	40.47
2.199115	1.551135	-0.642994	95	74	2	0	40.46
-3.036873	2.223375	-0.906185	93	79	2	0	40.46
-1.570796	2.518454	-1.565852	95	78	8	0	40.46
-0.837758	0.321905	-0.829121	1	9	74	0	40.46
2.827433	2.071256	-3.018961	89	80	9	0	40.45
2.617994	0.977824	0.441928	9	17	0	0	40.45
2.303835	1.975135	-2.539127	1	79	6	0	40.45
-2.827433	1.523102	2.765920	88	77	4	1	40.45
-2.094395	1.206585	0.933648	80	6	85	0	40.45
1.884956	0.519001	1.900488	81	92	80	0	40.44
-2.932153	2.125183	2.445598	84	80	9	0	40.44
-2.932153	1.456736	1.323154	90	82	11	0	40.44
-2.827433	1.999226	-0.620717	11	92	75	0	40.44
-1.151917	1.294736	1.756184	0	81	11	0	40.44
3.036873	2.485907	-2.835471	91	80	8	0	40.42
1.466077	1.974950	2.220596	2	79	10	0	40.42
0.628319	0.404273	0.918163	90	78	5	0	40.42
-2.722714	2.453499	-1.008861	92	80	5	0	40.42
-2.199115	2.226002	-1.060248	92	80	8	0	40.42
2.094395	2.363101	-2.810456	1	79	7	0	40.41
1.675516	0.788382	1.331051	80	95	82	0	40.41
1.361357	2.307188	-2.656134	90	87	21	0	40.41
0.418879	1.471330	-1.886160	93	80	5	0	40.41
-2.932153	2.558223	-1.164189	92	80	6	0	40.41
-2.827433	1.673557	0.452526	13	82	8	0	40.41
-1.047198	1.188278	1.690808	1	81	10	0	40.41
1.989675	0.735125	0.037270	1	76	6	0	40.40
0.628319	1.058706	-2.036438	80	5	84	0	40.40
0.000000	2.112276	-1.027246	90	83	14	0	40.40
-2.199115	2.705107	1.062142	86	81	10	0	40.40
-1.047198	1.184734	1.968919	3	81	10	0	40.40
-0.523599	0.294107	1.593880	7	89	73	0	40.40
2.094395	1.435181	-0.739771	93	74	2	0	40.39
1.151917	2.780471	0.027732	89	79	11	0	40.39
0.733038	0.897463	-0.240822	9	84	14	0	40.39
-0.628319	1.201164	2.355931	10	16	91	0	40.39
-1.884956	1.409552	0.647980	85	13	85	0	40.38
-0.628319	2.146582	-1.793788	89	83	16	0	40.38
1.570796	0.636205	1.561170	80	0	82	0	40.37
1.361357	0.893140	2.251698	77	3	87	0	40.37
-2.827433	2.353029	-1.310529	93	80	5	0	40.37
-2.722714	1.748077	1.804354	8	82	12	0	40.37
-2.094395	1.058706	-2.036438	2	78	9	0	40.37
-1.884956	2.534798	-2.266671	85	83	16	0	40.37
-1.780236	1.168406	-2.301519	4	77	7	0	40.37
2.199115	1.177998	1.061256	10	16	94	0	40.36
2.932153	1.945677	-2.999805	87	81	10	0	40.35
-2.722714	1.652871	1.600681	8	82	11	0	40.35
-1.047198	1.426479	1.573427	0	80	10	0	40.35
1.361357	0.284058	0.357350	90	79	7	0	40.34
1.256637	0.981877	1.537100	0	78	7	0	40.34
0.733038	2.637087	3.132730	15	17	94	0	40.34
-2.722714	1.846350	1.893983	80	0	83	0	40.34
-1.780236	2.538504	1.699812	87	81	11	0	40.34
-0.942478	1.194776	2.710455	93	74	84	0	40.34
2.827433	1.788829	-1.947553	11	81	14	0	40.33
1.884956	0.749432	-0.442559	91	77	5	0	40.33
1.570796	0.088408	-0.311160	91	78	3	0	40.33
-2.199115	2.309655	0.726020	12	76	95	0	40.33
2.513274	1.691693	-1.871572	0	74	87	0	40.32
0.628319	0.842945	-2.907318	85	12	83	0	40.32
-2.094395	1.263772	-0.533073	92	80	9	0	40.32
-0.942478	1.809020	2.949741	4	80	10	0	40.32
-0.314159	1.389268	-0.886349	1	78	6	0	40.32
2.513274	1.892144	-2.005340	10	80	14	0	40.31
0.104720	1.893281	-1.083976	92	83	15	0	40.31
-3.036873	1.915467	-1.883143	15	85	14	0	40.31
-1.151917	1.815016	0.278951	86	0	77	0	40.30
2.617994	1.934862	1.989776	2	79	6	0	40.29
2.513274	2.825762	1.085035	82	95	78	0	40.29
0.314159	2.682859	-0.817071	92	79	10	0	40.29
-1.570796	1.803705	0.881076	84	4	78	0	40.29
-1.256637	0.819323	2.845960	95	79	7	0	40.29
2.303835	2.443112	2.883761	12	16	5	0	40.28
2.199115	2.175711	-2.655523	2	79	7	0	40.28
0.523599	0.560531	2.378474	0	18	82	0	40.28
-2.303835	1.270745	1.152533	82	8	84	0	40.28
-1.884956	0.535020	-1.891846	6	92	75	0	40.28
0.523599	0.329984	1.201621	91	77	4	0	40.27
2.094395	1.411944	2.444377	5	80	11	0	40.26
1.989675	2.032917	-2.199917	0	78	7	0	40.26
0.942478	1.511948	-2.632360	75	5	10	0	40.26
-2.722714	1.889815	2.701570	86	78	7	1	40.26
-2.303835	1.665496	2.397872	75	4	2	0	40.26
-1.675516	1.803705	0.881076	84	4	78	0	40.26
2.932153	1.866694	2.473686	2	79	4	0	40.25
2.932153	1.808822	-1.817375	13	82	14	0	40.25
2.722714	1.892144	-2.005340	11	81	14	0	40.25
1.780236	2.203804	1.756176	95	79	8	0	40.25
1.675516	0.718851	-1.442215	89	77	5	0	40.25
-1.884956	1.115957	-1.787597	13	90	79	0	40.25
2.408554	1.964971	-2.100533	9	80	15	0	40.24
1.884956	0.409009	-0.570243	90	78	5	0	40.24
0.418879	1.832060	-0.821627	94	82	14	0	40.24
0.104720	2.261466	-1.557500	2	81	15	0	40.24
-0.314159	1.983195	-3.127984	1	82	11	0	40.24
0.523599	1.808822	-1.817375	94	82	11	0	40.23
0.418879	2.245628	-1.899216	93	81	11	0	40.23
0.418879	2.134269	-1.948042	93	82	11	0	40.23
1.675516	1.886971	-2.196665	92	78	7	0	40.22
-3.141593	1.915467	-1.883143	14	84	14	0	40.22
-2.094395	1.975135	-2.539127	93	77	8	0	40.22
-2.094395	1.927474	-1.754616	20	88	95	0	40.22
-1.570796	1.612085	1.968802	0	77	4	0	40.22
-1.466077	0.644807	-0.327139	94	78	10	0	40.22
1.361357	1.938088	2.578507	1	78	9	0	40.21
1.047198	1.971438	-2.765415	14	17	92	0	40.21
0.942478	1.776419	-2.642421	14	17	93	0	40.21
-2.094395	2.034712	-2.419505	93	79	8	0	40.21
-2.094395	1.253604	0.812222	81	7	86	0	40.21
2.408554	1.813159	2.025395	1	79	5	0	40.20
1.570796	2.307188	-2.656134	91	87	21	0	40.20
0.418879	0.634455	-0.534790	2	80	6	0	40.20
-2.722714	2.539516	-0.476942	94	78	3	0	40.20
-1.884956	2.970019	-1.282382	94	79	7	0	40.20
2.932153	0.644807	-0.327139	95	78	6	0	40.19
2.199115	1.331651	2.344497	6	80	13	0	40.19
0.733038	1.168406	-2.301519	80	5	85	0	40.19
0.314159	0.851126	0.493370	5	83	15	0	40.19
-2.303835	1.928342	-1.351174	93	79	6	0	40.19
-0.942478	1.032316	2.884221	10	18	0	0	40.19
2.303835	2.407941	-2.316753	9	16	84	0	40.18
1.780236	1.616061	2.521531	1	79	9	0	40.18
1.780236	0.644807	-0.327139	91	77	4	0	40.18
1.047198	0.502651	0.463333	90	79	7	0	40.18
0.942478	1.584581	-2.738702	75	4	11	0	40.18
0.942478	0.715701	0.699906	91	78	6	0	40.18
0.523599	1.892144	-2.005340	93	81	9	0	40.18
0.000000	1.945677	-2.999805	95	80	8	0	40.18
2.722714	1.707244	-0.444770	2	77	7	0	40.17
2.722714	0.391502	-1.171374	94	77	7	0	40.17
-2.408554	0.864300	0.043549	93	80	11	0	40.17
-2.094395	1.450513	-0.400625	95	80	10	0	40.17
3.036873	2.407941	-2.316753	15	14	1	0	40.16
2.408554	1.748077	1.804354	0	79	7	0	40.16
1.675516	0.829816	1.167147	2	78	9	0	40.16
-0.942478	0.937910	2.787575	12	92	75	0	40.16
2.094395	2.195400	-2.217546	92	85	19	0	40.15
-2.827433	2.449191	-0.633651	93	79	4	0	40.15
-2.408554	1.523102	2.765920	91	76	5	1	40.15
-2.199115	1.322972	-0.395699	94	80	9	0	40.15
-0.104720	0.415893	1.464890	9	91	72	0	40.15
3.036873	2.107523	3.129581	88	81	10	0	40.14
2.722714	1.533648	1.644808	95	80	9	0	40.14
-0.523599	2.019676	-1.980944	92	83	15	0	40.14
3.036873	0.961898	-0.469425	0	79	8	0	40.13
2.722714	2.440898	-2.133300	9	17	3	0	40.13
2.513274	1.964774	1.855507	2	79	7	0	40.13
2.303835	1.057515	1.097998	10	16	94	0	40.13
2.199115	1.579542	-0.755917	95	74	3	0	40.13
1.361357	0.898758	-1.031948	90	77	3	0	40.13
-3.141593	1.898741	-2.875735	88	80	10	0	40.13
-1.047198	2.534798	-2.266671	94	78	8	0	40.13
1.884956	0.628626	-1.751180	88	77	6	0	40.12
1.256637	1.262380	-0.157609	94	80	11	0	40.12
0.314159	1.865619	-0.952036	94	82	14	0	40.11
-2.722714	1.322568	1.499415	91	81	11	0	40.11
-2.617994	1.858863	-3.106022	73	91	1	0	40.11
-2.303835	1.541082	2.424608	75	4	3	0	40.11
-0.837758	1.108079	2.612943	11	17	1	0	40.11
1.884956	1.665496	2.397872	2	79	9	0	40.10
0.628319	1.823386	-1.429807	93	82	11	0	40.10
0.418879	2.343434	-2.013692	94	80	10	0	40.10
0.104720	2.317634	-2.185225	95	81	10	0	40.10
-2.617994	1.797469	-1.169105	18	12	93	0	40.10
2.513274	2.570050	-1.804492	80	15	14	0	40.09
1.884956	0.644807	-0.327139	92	77	5	0	40.09
-1.884956	1.707500	-2.531497	1	76	6	0	40.09
-1.780236	1.115957	-1.787597	13	90	79	0	40.09
-1.466077	0.936702	-0.866461	11	90	78	0	40.09
-1.047198	1.085085	2.377673	10	17	93	0	40.09
-0.942478	1.833945	-2.320278	2	76	1	0	40.09
2.303835	2.409450	-2.988432	12	14	92	0	40.08
1.151917	0.937395	0.729108	94	77	5	0	40.08
-3.141593	2.479849	2.126925	87	78	8	0	40.08
-2.722714	2.223375	-0.906185	92	80	3	0	40.08
-2.094395	1.928342	-1.351174	94	79	6	0	40.08
-1.884956	1.109345	-2.172718	4	78	8	0	40.08
-1.256637	0.308059	2.021491	7	88	74	0	40.08
-0.942478	1.283786	2.462124	12	16	1	0	40.08
3.036873	0.877352	-0.574668	95	79	8	0	40.07
2.827433	1.776419	-2.642421	9	82	13	0	40.07
2.199115	1.642346	1.722617	0	79	7	0	40.07
1.151917	0.851126	0.493370	92	78	7	0	40.07
0.837758	2.856905	-0.318441	89	79	11	0	40.07
-2.094395	1.813816	-1.298435	94	79	7	0	40.07
-1.256637	1.522373	1.764991	0	80	10	0	40.07
2.827433	1.794553	2.374618	2	79	4	0	40.06
-2.932153	1.876049	-0.594378	10	92	75	0	40.06
-1.570796	0.852911	1.933394	1	77	1	0	40.06
-0.418879	2.178879	0.767722	79	12	88	0	40.06
0.209440	0.550762	-0.180771	3	79	5	0	40.05
-2.932153	1.546010	1.523462	91	82	11	0	40.05
2.827433	2.103695	-2.777707	89	81	10	0	40.04
1.989675	2.103118	2.194745	13	15	1	0	40.04
1.989675	1.886971	-2.196665	95	78	6	0	40.04
0.837758	1.773527	-1.039582	0	81	12	0	40.04
-1.570796	1.049272	-1.376344	11	91	78	0	40.04
-1.466077	1.612085	1.968802	1	77	4	0	40.04
-0.942478	1.063758	2.743093	11	17	1	0	40.04
-0.733038	2.886428	-1.793217	92	78	9	0	40.04
2.932153	2.071256	-3.018961	91	80	9	0	40.03
-2.827433	1.957868	-0.490784	10	92	75	0	40.03
-2.513274	2.608630	-1.378011	92	80	7	0	40.03
-1.675516	2.978333	-0.412090	0	78	6	0	40.03
-0.628319	1.331651	2.344497	93	82	11	0	40.03
2.199115	2.487747	2.505912	12	18	7	0	40.02
1.675516	1.892144	-2.005340	92	78	7	0	40.02
1.570796	0.861655	-0.394821	92	76	2	0	40.02
1.466077	0.605711	0.598454	94	78	6	0	40.02
0.942478	0.404273	0.918163	91	78	6	0	40.02
-1.989675	1.253604	0.812222	81	7	85	0	40.02
-0.942478	1.201164	2.355931	9	17	94	0	40.02
-0.104720	1.983195	-3.127984	2	81	11	0	40.02
1.884956	1.541082	2.424608	1	79	9	0	40.01
1.361357	0.852911	1.933394	79	3	85	0	40.01
-2.932153	1.567193	2.643172	87	77	4	1	40.01
-2.722714	1.561127	1.401111	13	82	8	0	40.01
-2.094395	2.324376	-3.111006	76	94	89	0	40.01
-1.675516	2.083752	-0.511086	82	8	85	0	40.01
-1.466077	2.245973	-0.702234	77	6	91	0	40.01
-0.418879	1.321609	2.687717	92	79	5	0	40.01
-0.314159	1.074029	1.909193	93	80	9	0	40.01
1.570796	2.283304	-2.345584	90	86	20	0	40.00
0.209440	2.195400	-2.217546	0	81	11	0	40.00
-2.408554	1.391324	1.109396	83	8	84	0	40.00
-1.361357	2.453499	-1.008861	89	13	84	0	40.00
1.256637	0.497870	0.727828	93	78	6	0	39.99
0.628319	1.794699	-0.694061	0	82	13	0	39.99
-2.722714	2.518454	-1.565852	83	87	16	0	39.99
-2.722714	1.938088	2.578507	86	78	7	1	39.99
-2.094395	2.226002	-1.060248	93	80	7	0	39.99
-2.094395	2.173644	-2.403429	92	79	8	0	39.99
-1.989675	2.294058	-0.421070	92	78	4	0	39.99
-1.570796	1.616900	-0.207457	82	7	85	0	39.99
1.989675	1.866694	2.473686	76	2	15	0	39.98
0.628319	0.916555	-2.287173	82	6	82	0	39.98
-2.408554	1.804124	1.264249	84	2	79	0	39.98
-2.199115	1.339550	1.370353	84	11	84	0	39.98
-1.675516	2.036004	-0.757062	94	79	8	0	39.98
-0.733038	1.124930	2.219917	12	16	1	0	39.98
1.570796	0.605711	0.598454	95	77	6	0	39.97
0.000000	2.317634	-2.185225	0	81	11	0	39.97
-2.722714	1.481086	2.890269	89	76	4	1	39.97
-2.303835	1.846644	1.113766	83	2	80	0	39.97
-2.303835	1.812466	2.597595	91	76	6	1	39.97
-1.570796	1.058706	-2.036438	89	89	21	0	39.97
2.199115	2.534798	-2.266671	85	0	22	0	39.96
-2.827433	2.125183	2.445598	85	79	9	0	39.96
2.617994	1.915467	-1.883143	11	81	15	0	39.95
-3.036873	1.118930	0.045983	19	10	88	0	39.95
-1.466077	2.035818	-0.379479	81	7	86	0	39.95
-1.466077	1.832690	-0.468440	81	7	87	0	39.95
-1.361357	1.933878	0.034150	78	94	84	0	39.95
-1.047198	1.908408	-2.648903	5	78	8	0	39.95
-0.628319	1.509287	2.204647	95	82	12	0	39.95
2.513274	1.074204	0.545276	0	79	9	0	39.94
1.570796	0.689777	2.385011	80	93	82	0	39.94
-2.617994	2.042874	-1.701367	0	78	7	0	39.94
-2.303835	2.034712	-2.419505	91	79	8	0	39.94
-2.094395	1.119777	0.834702	80	7	86	0	39.94
-1.256637	1.815016	0.278951	86	0	77	0	39.94
2.513274	2.285175	-2.943090	1	80	9	0	39.93
0.733038	2.108891	-2.532166	87	91	22	0	39.93
0.733038	1.915467	-1.883143	94	81	11	0	39.93
-2.932153	2.131223	-1.174311	93	80	3	0	39.93
-1.151917	1.072154	1.761506	1	80	8	0	39.93
-1.047198	1.522373	1.764991	1	80	10	0	39.93
-0.418879	0.616968	0.820489	95	81	10	0	39.93
3.036873	2.018131	3.021778	88	80	9	0	39.92
2.303835	2.156474	-2.912065	1	80	8	0	39.92
-2.199115	2.112276	-1.027246	92	80	7	0	39.92
-1.884956	1.234531	-2.190148	4	77	8	0	39.92
1.361357	1.031435	1.241021	1	78	8	0	39.91
0.523599	0.201102	1.249082	89	79	6	0	39.91
-2.617994	1.441473	1.448544	92	80	11	0	39.91
-0.314159	1.644848	2.743774	8	83	12	0	39.91
2.513274	2.019676	-1.980944	10	81	15	0	39.90
-2.094395	1.840579	-2.536445	94	77	7	0	39.90
3.036873	0.524769	-0.421955	95	78	5	0	39.89
-0.418879	2.042874	-1.701367	90	83	16	0	39.89
2.932153	0.770166	-0.266604	0	79	7	0	39.88
2.094395	1.439041	-0.617966	94	73	1	0	39.88
1.151917	1.099138	-1.084033	14	15	87	0	39.88
0.733038	1.821360	-2.984352	81	13	11	0	39.88
-2.094395	2.396339	1.200900	88	80	8	0	39.88
-1.884956	2.100482	-2.301084	94	79	11	0	39.88
1.884956	0.989150	0.045493	95	77	5	0	39.87
1.361357	0.981877	1.537100	79	2	84	0	39.87
-2.932153	2.245628	-1.899216	16	13	94	0	39.87
-2.722714	1.645258	2.188109	84	9	82	0	39.87
-2.722714	0.147206	-1.385164	8	78	9	0	39.87
-2.513274	2.261466	-1.557500	15	14	90	0	39.87
-1.466077	1.099138	-1.084033	12	91	79	0	39.87
3.036873	1.294736	1.756184	90	77	83	0	39.86
2.932153	0.524769	-0.421955	95	77	5	0	39.86
0.523599	1.507448	-0.514782	95	82	14	0	39.86
0.314159	2.353029	-1.310529	2	81	14	0	39.86
-2.722714	1.854119	0.134161	0	80	8	0	39.86
-2.617994	2.363394	-0.272918	93	79	3	0	39.86
-2.303835	1.794553	2.374618	77	94	85	0	39.86
-1.780236	1.365452	0.310522	81	8	87	0	39.86
2.408554	1.728940	1.931535	0	79	6	0	39.85
-1.780236	2.237695	-0.271388	93	78	4	0	39.85
-1.361357	1.074029	1.909193	3	76	0	0	39.85
-0.837758	0.190569	1.929141	7	88	73	0	39.85
1.675516	1.807825	-2.090455	92	78	7	0	39.84
1.361357	0.732892	-1.254330	88	78	4	0	39.84
1.047198	0.163506	0.573203	89	79	7	0	39.84
-3.036873	2.338083	-0.943400	93	79	3	0	39.84
-2.199115	1.378096	0.774626	84	11	86	0	39.84
3.036873	2.635396	1.848850	88	78	9	0	39.83
2.094395	0.540208	1.400497	79	93	81	0	39.83
1.780236	0.851126	0.493370	2	77	7	0	39.83
1.361357	0.993052	2.137478	77	3	87	0	39.83
1.256637	2.043060	-2.653746	12	18	93	0	39.83
0.418879	2.635686	2.834950	16	17	93	0	39.83
-2.617994	1.766737	2.722752	87	77	6	1	39.83
-0.628319	1.074029	1.909193	11	16	94	0	39.83
2.932153	1.560345	2.985899	8	82	13	0	39.82
2.722714	2.195400	-2.217546	3	20	7	0	39.82
-0.942478	1.130958	2.972931	9	18	0	0	39.82
1.780236	2.407941	-2.316753	92	86	20	0	39.81
1.466077	1.283786	2.462124	0	79	11	0	39.81
-2.617994	1.444527	2.664744	89	76	4	1	39.81
-1.361357	1.393612	1.952016	0	80	10	0	39.81
2.408554	1.964774	1.855507	0	79	7	0	39.80
2.303835	2.485907	-2.835471	14	13	91	0	39.80
-2.408554	1.812466	2.597595	90	76	6	1	39.80
3.036873	0.851126	0.493370	0	80	9	0	39.79
1.989675	0.339714	-0.013712	93	78	7	0	39.79
-3.141593	1.971438	-2.765415	92	79	8	0	39.79
-2.199115	1.427868	0.984637	82	7	84	0	39.79
-2.199115	0.749432	-0.442559	94	79	8	0	39.79
-1.675516	2.461774	-1.734913	95	78	7	0	39.79
-1.570796	0.308059	2.021491	10	95	77	0	39.79
-1.466077	1.938088	2.578507	89	83	17	0	39.79
-1.047198	2.978333	-0.412090	94	80	8	0	39.79
-0.628319	1.085085	2.377673	13	16	1	0	39.79
-3.036873	2.031959	-1.268178	92	79	2	0	39.78
-2.932153	2.449191	-0.633651	93	79	3	0	39.78
-2.199115	1.712415	-2.747921	94	75	5	0	39.78
-1.151917	0.833613	-1.357492	11	91	78	0	39.78
-2.303835	2.307188	-2.656134	90	79	9	0	39.77
-2.303835	0.864300	0.043549	94	80	11	0	39.77
-1.884956	1.253604	0.812222	80	6	85	0	39.77
-1.256637	1.841033	-2.756932	4	78	8	0	39.77
-1.256637	1.648538	-2.855044	87	89	20	0	39.77
-1.151917	2.898932	0.139973	0	78	7	0	39.77
3.036873	2.285175	-2.943090	92	80	9	0	39.76
2.932153	0.999847	-0.334738	0	79	8	0	39.76
1.675516	0.812512	-0.107335	92	77	5	0	39.76
-2.722714	1.760169	1.678132	7	82	11	0	39.76
-2.513274	1.679277	-1.122421	18	13	92	0	39.76
2.513274	1.691817	2.061688	1	79	4	0	39.75
1.989675	2.431584	2.307631	12	18	7	0	39.75
1.989675	0.535020	-1.891846	90	77	6	0	39.75
0.628319	1.788829	-1.947553	93	81	10	0	39.75
-1.989675	2.539516	-0.476942	94	78	5	0	39.75
-1.780236	2.417386	-0.443097	94	78	4	0	39.75
-0.733038	2.042874	-1.701367	88	84	16	0	39.75
2.408554	2.156474	-2.912065	0	80	9	0	39.74
1.361357	0.961838	1.839284	78	4	86	0	39.74
-1.989675	0.749432	-0.442559	95	79	9	0	39.74
-1.570796	2.487957	-0.274279	95	78	5	0	39.74
-1.570796	1.786634	-0.346247	81	8	88	0	39.74
-0.209440	0.420680	2.088164	88	79	7	0	39.74
1.151917	0.385088	0.590355	90	79	7	0	39.73
-2.932153	1.553895	0.489607	13	81	8	0	39.73
-2.303835	1.915790	-1.216366	93	79	6	0	39.73
-1.570796	2.173644	-2.403429	94	77	6	0	39.73
-1.047198	0.560531	2.378474	90	80	7	0	39.73
-1.047198	0.308059	2.021491	7	88	74	0	39.73
2.303835	1.612085	1.968802	0	79	6	0	39.72
2.199115	2.233709	3.070830	16	12	91	0	39.72
2.199115	1.441473	1.448544	0	79	7	0	39.72
-1.570796	2.293000	-0.124451	84	17	15	0	39.72
2.932153	0.913918	1.287618	92	81	11	0	39.71
1.570796	1.184734	1.968919	95	78	6	0	39.71
0.733038	0.933766	-3.015917	85	12	83	0	39.71
-2.932153	1.561127	1.401111	91	82	10	0	39.71
-2.827433	2.245175	2.460236	85	79	10	0	39.71
-1.570796	2.363394	-0.272918	95	78	6	0	39.71
-1.466077	2.201829	-0.001735	84	17	15	0	39.71
-0.733038	1.793737	0.410270	79	14	13	0	39.71
2.617994	1.813159	2.025395	1	79	4	0	39.70
1.989675	2.485907	-2.835471	1	79	8	0	39.70
1.256637	0.630671	0.391949	91	79	7	0	39.70
-1.466077	1.630007	1.844552	0	77	4	0	39.70
-0.418879	1.770514	3.070982	0	83	12	0	39.70
2.513274	2.020545	2.088672	1	79	6	0	39.69
1.989675	1.411944	2.444377	4	79	11	0	39.69
0.942478	1.137135	-0.936514	94	80	7	0	39.69
0.837758	1.086822	-0.441112	11	84	13	0	39.69
0.628319	2.033572	-1.842884	93	81	10	0	39.69
0.418879	2.682859	-0.817071	93	79	10	0	39.69
-3.036873	0.147206	-1.385164	91	79	9	0	39.69
-2.199115	2.463986	1.034407	88	80	8	0	39.69
-0.733038	1.892144	-2.005340	91	83	15	0	39.69
2.199115	2.431406	-2.647820	2	79	7	0	39.68
1.989675	1.283786	2.462124	4	79	11	0	39.68
1.151917	0.913918	1.287618	94	78	8	0	39.68
0.628319	1.139125	-1.924528	80	5	85	0	39.68
-2.617994	0.610738	-1.326786	14	16	86	0	39.68
-1.989675	1.263772	-0.533073	93	80	9	0	39.68
-1.884956	2.434090	1.592818	87	81	11	0	39.68
-0.418879	1.317907	-1.121023	0	78	6	0	39.68
2.408554	2.043060	-2.653746	2	79	6	0	39.67
1.151917	0.730751	0.522488	91	78	7	0	39.67
-2.932153	1.847325	2.249051	85	78	4	1	39.67
1.989675	1.377070	-1.980984	81	79	88	0	39.66
1.256637	1.895117	2.121107	2	77	6	0	39.66
0.000000	1.739971	-0.228876	15	13	91	0	39.66
-2.827433	1.522373	1.764991	93	78	5	0	39.66
1.989675	1.435181	-0.739771	92	74	2	0	39.65
0.942478	1.450513	-0.400625	88	14	82	0	39.65
-3.036873	2.226002	-1.060248	92	80	3	0	39.65
2.408554	1.770514	3.070982	89	87	18	0	39.64
2.303835	1.339550	1.370353	0	79	7	0	39.64
2.199115	1.057515	1.097998	10	16	94	0	39.64
1.780236	2.108891	-2.532166	91	86	20	0	39.64
0.628319	0.817732	-3.084486	86	11	83	0	39.64
-1.570796	2.734349	-0.289298	1	78	7	0	39.64
-0.942478	1.972312	2.805134	5	80	11	0	39.64
2.513274	2.108277	-2.095907	10	82	16	0	39.63
1.361357	2.898932	0.139973	90	78	11	0	39.63
-2.827433	2.850089	-1.343899	0	79	7	0	39.63
-2.408554	2.036004	-0.757062	93	80	8	0	39.63
-1.989675	2.570050	-1.804492	93	79	7	0	39.63
-1.570796	0.934873	-2.010822	12	92	78	0	39.63
-0.418879	0.376428	-1.495532	2	10	76	0	39.63
0.104720	0.550762	-0.180771	4	79	5	0	39.62
-2.513274	1.652871	1.600681	9	82	10	0	39.62
-2.303835	2.244035	-1.229456	92	80	7	0	39.62
-0.628319	1.665496	2.397872	95	82	12	0	39.62
-0.628319	0.750102	2.050636	91	81	7	0	39.61
2.408554	2.489741	-2.468428	2	79	7	0	39.60
1.780236	0.459270	1.191562	82	0	79	0	39.60
0.942478	1.325286	-0.994192	80	13	15	0	39.60
0.000000	0.599962	2.773556	3	18	83	0	39.60
-2.827433	2.035818	-0.379479	9	91	75	0	39.60
-1.570796	1.911828	-0.364489	81	8	87	0	39.60
-0.523599	2.338060	2.803613	0	81	14	0	39.60
3.036873	1.307513	1.628003	90	77	83	0	39.59
2.722714	2.033572	-1.842884	12	82	15	0	39.59
2.513274	1.413639	1.697982	95	80	8	0	39.59
1.047198	0.819430	-0.915017	86	1	76	0	39.59
0.628319	1.933328	-1.623328	93	81	11	0	39.59
-3.036873	2.485945	-1.374853	92	80	6	0	39.59
-2.513274	1.794553	2.374618	89	76	4	1	39.59
-2.513274	1.724868	2.846246	89	77	7	1	39.59
-1.675516	0.750102	2.050636	2	77	2	0	39.59
-1.361357	1.056622	-0.831866	11	91	78	0	39.59
-1.151917	1.032316	2.884221	11	17	0	0	39.59
2.408554	2.744633	-2.391311	2	78	6	0	39.58
1.570796	0.772218	2.227380	80	94	82	0	39.58
-2.932153	2.556919	-2.655005	92	80	8	0	39.58
-1.989675	1.427868	0.984637	81	5	84	0	39.58
-1.675516	1.954572	-0.859208	95	79	8	0	39.58
-1.570796	2.768238	-1.679243	93	78	6	0	39.58
-1.466077	1.495297	2.007188	1	77	4	0	39.58
-0.942478	1.572701	-2.528730	12	16	11	0	39.58
-0.837758	0.947774	2.395256	12	16	94	0	39.58
2.932153	2.226413	-2.064034	92	80	7	0	39.57
2.199115	1.964971	-2.100533	7	79	15	0	39.57
2.199115	1.533648	1.644808	0	79	7	0	39.57
-3.141593	1.294736	1.756184	91	76	83	0	39.57
-2.408554	1.697162	-1.249026	17	14	93	0	39.57
-1.570796	2.036004	-0.757062	95	79	8	0	39.57
-0.628319	0.993052	2.137478	12	16	0	0	39.57
-0.523599	1.072154	1.761506	7	83	12	0	39.57
-0.209440	2.014338	-1.127392	90	83	14	0	39.57
2.932153	1.378096	0.774626	95	81	8	0	39.56
2.408554	2.108891	-2.532166	2	79	6	0	39.56
1.466077	2.052181	2.326959	1	79	9	0	39.56
-1.884956	1.181331	-2.060330	4	78	9	0	39.56
-1.675516	2.079746	-0.897699	94	79	7	0	39.56
-1.675516	1.535018	0.028869	82	9	87	0	39.56
2.303835	2.034712	-2.419505	2	79	6	0	39.55
1.780236	0.961838	1.839284	0	78	7	0	39.55
-3.036873	1.209341	0.471162	94	81	9	0	39.55
-2.094395	0.961898	-0.469425	93	80	9	0	39.55
-1.780236	2.335096	-0.588468	93	79	5	0	39.55
-1.361357	0.936702	-0.866461	11	90	78	0	39.55
-0.628319	1.889815	2.701570	94	82	11	0	39.55
2.827433	0.680326	-0.133370	0	78	6	0	39.54
1.047198	2.409450	-2.988432	91	89	22	0	39.54
0.104720	2.784696	-1.013128	93	79	11	0	39.54
-2.722714	1.816510	-0.008631	0	80	8	0	39.54
2.932153	2.175711	-2.655523	90	80	7	0	39.53
2.827433	1.300924	1.022478	1	80	9	0	39.53
1.047198	0.385088	0.590355	90	79	6	0	39.53
-2.932153	2.343434	-2.013692	17	13	94	0	39.53
-2.827433	2.244035	-1.229456	93	80	4	0	39.53
-2.303835	1.841033	-2.756932	92	76	6	0	39.53
-1.151917	1.130958	2.972931	10	17	0	0	39.53
-1.151917	0.283625	2.405603	9	88	75	0	39.53
3.036873	1.365452	0.310522	19	12	0	0	39.52
2.199115	2.417950	2.666662	17	12	94	0	39.52
1.361357	0.632708	2.566722	81	95	81	0	39.52
1.256637	2.660483	-0.034608	90	78	11	0	39.52
0.628319	0.981485	-2.424766	82	6	83	0	39.52
-2.199115	1.817772	-1.689625	20	88	94	0	39.52
-1.675516	0.893140	2.251698	2	77	2	0	39.52
-1.466077	1.056622	-0.831866	11	90	78	0	39.52
2.722714	0.147206	-1.385164	92	77	5	0	39.51
2.513274	2.705107	1.062142	82	95	78	0	39.51
0.628319	1.379086	-0.508192	0	82	14	0	39.51
-2.827433	2.256702	-1.401367	92	80	4	0	39.51
-2.827433	1.481086	2.890269	88	76	4	1	39.51
-2.199115	1.258247	-1.953634	2	78	10	0	39.51
-0.314159	0.715701	0.699906	95	81	9	0	39.51
-0.104720	1.893281	-1.083976	91	83	15	0	39.51
2.094395	0.088408	-0.311160	90	79	7	0	39.50
-3.141593	1.307513	1.628003	91	76	83	0	39.50
-2.932153	1.648538	-2.855044	90	78	9	0	39.50
-2.617994	1.642346	1.722617	8	82	11	0	39.50
-1.989675	1.339410	0.900087	81	6	84	0	39.50
-0.418879	2.070371	2.879808	0	82	12	0	39.50
2.932153	2.019676	-1.980944	13	84	16	0	39.49
-1.675516	1.273606	0.224545	81	8	87	0	39.49
-1.570796	1.401926	1.822930	1	77	6	0	39.49
-1.256637	2.007301	0.142337	78	94	84	0	39.49
1.570796	0.712883	1.174216	1	78	9	0	39.48
0.942478	1.266731	-1.412461	90	80	7	0	39.48
-2.932153	1.816510	-0.008631	0	82	13	0	39.48
2.827433	2.108277	-2.095907	3	20	7	0	39.46
2.199115	2.556919	-2.655005	1	79	6	0	39.46
1.466077	1.411944	2.444377	0	79	10	0	39.46
-2.722714	1.994694	2.452813	87	78	7	1	39.46
-2.617994	2.019912	2.686612	87	78	8	1	39.46
-2.408554	2.611256	-0.279110	93	77	1	0	39.46
-1.466077	1.822312	-0.127211	84	14	88	0	39.46
-1.151917	0.982609	-1.136920	11	91	78	0	39.46
0.418879	0.725300	-2.975134	86	11	82	0	39.45
-2.827433	2.145635	-1.327708	92	80	4	0	39.45
-2.722714	2.642029	0.813274	83	81	9	0	39.45
-2.199115	1.880509	1.500204	83	95	78	0	39.45
-1.570796	1.876049	-0.594378	81	7	86	0	39.45
-1.361357	1.510518	1.884920	95	80	10	0	39.45
2.617994	1.720612	2.279888	1	79	4	0	39.44
1.570796	1.974950	2.220596	3	79	10	0	39.44
2.617994	1.426479	1.573427	95	80	9	0	39.43
1.989675	1.665496	2.397872	2	79	8	0	39.43
-2.932153	1.846644	1.113766	95	8	76	0	39.43
-2.932153	1.697162	-1.249026	95	81	14	0	39.43
-1.989675	1.770119	-2.427175	0	77	7	0	39.43
0.209440	2.343434	-2.013692	94	80	10	0	39.42
-3.141593	1.391324	1.109396	2	80	9	0	39.42
-3.141593	0.961898	-0.469425	0	79	8	0	39.42
-2.408554	2.329587	0.035498	92	79	4	0	39.42
-2.199115	2.584774	1.046703	88	80	9	0	39.42
-1.570796	1.630007	1.844552	0	76	3	0	39.42
3.036873	2.307188	-2.656134	90	81	7	0	39.41
2.617994	1.812466	2.597595	2	79	5	0	39.41
1.989675	1.567193	2.643172	2	79	10	0	39.41
1.675516	1.006146	1.389734	78	94	83	0	39.41
0.523599	2.780208	-0.626453	93	78	10	0	39.41
0.104720	2.112276	-1.027246	92	82	14	0	39.41
-0.104720	0.502651	0.463333	0	81	8	0	39.41
2.722714	2.019676	-1.980944	12	82	15	0	39.40
1.780236	1.886971	-2.196665	93	78	7	0	39.40
1.570796	1.807825	-2.090455	91	78	7	0	39.40
1.570796	0.715701	0.699906	95	77	6	0	39.40
-3.141593	1.239414	0.348959	18	12	0	0	39.40
-1.675516	1.376560	-1.355481	81	13	10	0	39.40
-1.256637	1.401926	1.822930	1	80	10	0	39.40
-0.523599	2.134269	-1.948042	86	89	21	0	39.40
2.408554	2.019676	-1.980944	9	80	15	0	39.39
2.303835	1.331651	2.344497	7	80	14	0	39.39
-3.141593	2.146582	-1.793788	14	85	15	0	39.39
2.408554	2.556919	-2.655005	14	13	91	0	39.38
1.884956	0.470622	0.014002	95	76	4	0	39.38
1.361357	2.363101	-2.810456	91	88	21	0	39.38
-3.141593	0.941718	1.125085	92	81	11	0	39.38
-2.094395	1.168025	0.717075	81	9	86	0	39.38
-1.151917	2.145635	-1.327708	6	22	95	0	39.38
-2.932153	1.523102	2.765920	87	77	4	1	39.37
-2.827433	1.588901	2.301496	85	76	2	1	39.37
-0.209440	1.644848	2.743774	9	83	11	0	39.37
3.036873	1.031435	1.241021	92	81	11	0	39.36
2.303835	1.904429	-2.428029	1	78	5	0	39.36
1.780236	1.055458	0.170394	95	77	6	0	39.36
1.780236	0.750102	2.050636	80	92	81	0	39.36
0.837758	0.939144	-0.092962	93	79	7	0	39.36
-2.617994	1.994694	2.452813	88	77	7	1	39.36
-1.884956	2.112276	-1.027246	94	79	7	0	39.36
-1.884956	0.279854	0.814581	13	17	92	0	39.36
3.036873	2.042874	-1.701367	15	84	14	0	39.35
2.827433	2.134269	-1.948042	12	84	16	0	39.35
1.989675	2.108277	-2.095907	91	84	18	0	39.35
1.989675	0.770166	-0.266604	93	76	4	0	39.35
1.466077	0.502651	0.463333	93	78	7	0	39.35
-2.827433	2.226002	-1.060248	92	80	3	0	39.35
-2.827433	1.602259	1.152656	93	82	12	0	39.35
-2.199115	2.627402	1.293552	85	81	10	0	39.35
-1.884956	2.423692	1.392696	88	80	10	0	39.35
-1.675516	1.502469	0.151156	82	8	86	0	39.35
2.722714	2.145635	-1.327708	6	20	94	0	39.34
1.675516	0.626379	1.773610	79	95	83	0	39.34
1.361357	1.895117	2.121107	2	79	11	0	39.34
0.837758	0.961898	-0.469425	94	80	7	0	39.34
-1.989675	2.173644	-2.403429	92	79	9	0	39.34
-1.151917	2.052794	-0.008526	79	92	82	0	39.34
2.827433	0.201397	-0.716646	8	78	10	0	39.33
1.256637	0.993052	2.137478	78	4	87	0	39.33
1.151917	1.776419	-2.642421	14	17	93	0	39.33
-3.141593	1.739676	2.496017	85	78	4	1	39.33
-3.141593	0.269108	-1.215563	6	77	9	0	39.33
-3.036873	1.957868	-0.490784	10	91	75	0	39.33
-2.617994	1.724868	2.846246	88	77	7	1	39.33
-1.884956	0.757018	-0.608833	94	79	8	0	39.33
-1.466077	1.704478	-0.106295	81	8	88	0	39.33
-0.314159	1.972312	2.805134	1	82	12	0	39.33
2.199115	2.604150	-2.885208	14	13	90	0	39.32
1.675516	0.772218	2.227380	80	93	82	0	39.32
0.523599	1.232870	-1.822773	80	6	85	0	39.32
0.418879	2.460010	-1.938011	94	79	9	0	39.32
-1.675516	1.115957	-1.787597	13	91	79	0	39.32
-1.047198	1.242312	2.941234	3	80	8	0	39.32
-0.523599	1.590018	-1.941652	8	20	3	0	39.32
2.932153	2.195400	-2.217546	91	80	7	0	39.31
2.303835	2.681411	-2.667965	2	79	7	0	39.31
-1.884956	2.355165	-1.833173	94	78	6	0	39.31
-1.675516	1.058706	-2.036438	13	91	79	0	39.31
-2.094395	0.524769	-0.421955	95	79	9	0	39.30
-2.094395	0.182564	-2.125821	7	78	8	0	39.30
-1.361357	0.308059	2.021491	7	88	74	0	39.30
-0.837758	1.155389	2.837148	4	80	7	0	39.30
-1.780236	0.591643	-2.098364	90	79	11	0	39.29
-1.151917	0.740650	1.681075	3	77	1	0	39.29
2.722714	0.302491	-0.400410	95	78	9	0	39.28
2.303835	2.085731	0.671081	88	84	15	0	39.28
2.199115	0.210568	-0.069559	93	78	7	0	39.28
1.780236	0.628626	-1.751180	88	78	6	0	39.28
0.837758	1.042085	-2.292950	81	5	84	0	39.28
-2.932153	2.604150	-2.885208	92	79	7	0	39.28
-1.675516	1.911828	-0.364489	81	8	87	0	39.28
-1.047198	0.441292	-0.890727	5	8	75	0	39.28
-0.209440	1.270745	1.152533	20	10	92	0	39.28
3.036873	1.168025	0.717075	95	80	8	0	39.27
1.780236	2.129501	0.238290	85	86	18	0	39.27
1.675516	1.490555	2.543284	2	79	10	0	39.27
1.256637	2.601432	2.102535	94	79	10	0	39.27
-2.827433	1.444527	2.664744	87	76	3	1	39.27
-2.408554	1.710583	-1.376890	17	14	94	0	39.27
-2.094395	1.289408	0.683122	82	9	85	0	39.27
-0.209440	2.970019	-1.282382	93	78	10	0	39.27
2.094395	2.032917	-2.199917	92	84	18	0	39.26
1.989675	0.470622	0.014002	93	77	5	0	39.26
0.628319	2.036004	-0.757062	95	81	12	0	39.26
0.523599	1.673267	-0.665453	95	82	14	0	39.26
-1.361357	1.816510	-0.008631	78	94	85	0	39.26
2.932153	0.851126	0.493370	95	80	9	0	39.25
2.303835	1.076262	0.966104	10	16	94	0	39.25
-3.141593	2.362948	-2.487477	71	95	3	0	39.25
-1.989675	1.915790	-1.216366	94	79	7	0	39.25
-1.570796	1.273606	0.224545	80	8	88	0	39.25
-1.361357	2.780471	0.027732	0	78	7	0	39.25
-1.047198	1.032316	2.884221	11	17	0	0	39.25
-0.837758	1.577688	-1.814941	89	86	19	0	39.25
-0.209440	1.331651	2.344497	2	22	2	0	39.25
1.989675	0.712883	1.174216	80	93	81	0	39.24
1.570796	1.773527	-1.039582	75	2	7	0	39.24
0.942478	1.522416	-0.954956	95	80	10	0	39.24
0.628319	0.958731	-2.852552	85	12	84	0	39.24
0.314159	1.258247	-1.953634	93	79	6	0	39.24
-3.141593	0.524769	-0.421955	0	78	6	0	39.24
-3.036873	2.563452	-2.044028	16	14	0	0	39.24
-1.466077	1.776419	-2.642421	3	78	10	0	39.24
-0.942478	2.173644	-2.403429	92	81	15	0	39.24
2.617994	2.780208	-0.626453	14	95	81	0	39.23
1.466077	1.922256	2.347806	2	79	9	0	39.23
0.837758	0.632622	-0.737642	80	88	16	0	39.23
-2.827433	1.450513	-0.400625	6	19	4	0	39.23
-1.675516	1.876049	-0.594378	81	8	86	0	39.23
-1.361357	1.925185	0.231170	78	94	84	0	39.23
-1.256637	2.035818	-0.379479	80	6	87	0	39.23
-0.104720	1.707244	-0.444770	15	13	90	0	39.23
-0.104720	1.616900	-0.207457	16	12	90	0	39.23
2.617994	2.825762	1.085035	81	93	79	0	39.22
2.513274	0.513579	-1.147354	84	84	15	0	39.22
1.780236	1.411944	2.444377	3	79	11	0	39.22
0.523599	1.439041	-0.617966	95	83	14	0	39.22
0.314159	0.415893	1.464890	90	77	3	0	39.22
-1.780236	1.739971	-0.228876	22	91	92	0	39.22
-1.675516	2.522766	-3.059231	77	83	93	0	39.22
-1.675516	0.632797	1.989858	3	77	3	0	39.22
-1.570796	1.574849	-0.091505	82	7	85	0	39.22
-1.047198	0.294107	1.593880	4	78	6	0	39.22
2.722714	1.001920	0.848054	0	80	10	0	39.21
2.513274	1.922256	2.347806	1	80	6	0	39.21
2.303835	1.893828	3.053453	90	88	19	0	39.21
2.199115	1.760169	1.678132	0	79	7	0	39.21
1.466077	1.057515	1.097998	1	78	8	0	39.21
1.256637	0.970108	1.990771	79	5	86	0	39.21
-1.151917	0.400542	-2.995729	90	78	8	0	39.21
-0.837758	2.031959	-1.268178	4	22	94	0	39.21
2.932153	2.137615	2.988806	87	81	9	0	39.20
0.733038	0.201102	1.249082	91	77	5	0	39.20
0.209440	2.261466	-1.557500	3	81	15	0	39.20
-2.827433	1.070157	-0.073422	19	11	88	0	39.20
-2.408554	2.705107	1.062142	84	81	10	0	39.20
-1.361357	1.401926	1.822930	0	80	10	0	39.20
2.827433	0.918305	3.107845	91	79	12	0	39.19
2.094395	0.602620	0.029270	94	77	5	0	39.19
0.418879	1.933328	-1.623328	92	82	11	0	39.19
0.418879	0.916555	-2.287173	83	7	82	0	39.19
-2.722714	2.255601	-1.728131	16	13	91	0	39.19
-2.513274	1.773527	-1.039582	17	13	91	0	39.19
-1.989675	2.146582	-1.793788	94	79	7	0	39.19
-0.942478	1.889815	2.701570	6	80	11	0	39.19
3.036873	1.560345	2.985899	8	82	13	0	39.18
1.989675	1.551135	-0.642994	93	74	2	0	39.18
0.418879	2.014338	-1.127392	84	18	8	0	39.18
0.314159	2.442222	-1.195837	1	80	13	0	39.18
-2.303835	2.112276	-1.027246	92	80	7	0	39.18
-2.094395	1.258247	-1.953634	3	78	10	0	39.18
-1.989675	2.283304	-2.345584	92	79	10	0	39.18
-1.256637	0.626379	1.773610	4	77	2	0	39.18
0.837758	1.262791	-1.549229	89	81	8	0	39.17
-2.617994	2.201829	-0.001735	91	77	95	0	39.17
-2.513274	1.748077	1.804354	9	83	12	0	39.17
-1.675516	1.197745	-1.173705	80	11	11	0	39.17
-1.466077	1.139125	-1.924528	90	88	21	0	39.17
-0.942478	2.830209	2.734943	90	1	24	0	39.17
-0.314159	1.567193	2.643172	8	83	12	0	39.17
-0.314159	1.480878	1.194576	13	16	5	0	39.17
3.036873	1.983195	-3.127984	88	80	9	0	39.16
2.408554	1.892144	-2.005340	9	80	15	0	39.16
2.303835	1.964971	-2.100533	8	80	15	0	39.16
2.094395	2.234383	-2.792065	2	79	8	0	39.16
0.942478	1.908408	-2.648903	14	17	93	0	39.16
0.209440	2.386110	-1.481351	3	80	14	0	39.16
-2.199115	1.466050	0.862104	79	10	93	0	39.16
-1.151917	0.636205	1.561170	3	77	1	0	39.16
2.199115	0.685083	-0.942363	94	75	4	0	39.15
-2.408554	1.922256	2.347806	78	94	84	0	39.15
-2.199115	1.205845	-0.415993	93	80	9	0	39.15
-1.989675	2.970019	-1.282382	93	80	7	0	39.15
-0.104720	0.730751	0.522488	95	81	8	0	39.15
2.827433	0.866940	0.851229	0	79	8	0	39.14
2.513274	2.575994	0.391718	90	84	18	0	39.14
2.199115	0.943701	0.980328	10	16	94	0	39.14
1.675516	0.540208	1.400497	81	0	80	0	39.14
1.570796	1.031435	1.241021	2	79	9	0	39.14
0.418879	2.108277	-2.095907	94	82	11	0	39.14
0.418879	2.079746	-0.897699	95	81	12	0	39.14
0.418879	1.450513	-0.400625	95	82	15	0	39.14
-1.466077	1.994694	2.452813	89	83	16	0	39.14
-1.361357	0.737893	1.866463	3	77	1	0	39.14
-0.942478	1.307513	1.628003	1	81	10	0	39.14
1.780236	0.937395	0.729108	82	2	78	0	39.13
1.570796	1.298546	2.020601	0	78	6	0	39.13
1.361357	1.846833	2.826543	0	78	7	0	39.13
1.361357	1.074029	1.909193	78	4	86	0	39.13
1.361357	0.737893	1.866463	80	0	83	0	39.13
-1.256637	2.460199	-0.822008	89	13	84	0	39.13
-1.256637	1.934862	1.989776	79	14	15	0	39.13
-0.733038	0.636205	1.561170	12	4	77	0	39.13
2.513274	2.617344	-2.439480	3	79	7	0	39.12
2.408554	1.865046	1.763384	0	79	7	0	39.12
